v==============Cycle Counter =     0==============v

[IF ]: Instruction [00000433]@[00001000]: add	x8, x0, x0
[ID ]: Instruction [00000000]@[00000000]: 
[EX ]: Instruction [00000000]@[00000000]: 
[MEM ]: Instruction [00000000]@[00000000]: 
[WB ]: Instruction [00000000]@[00000000]: 
r 0=00000000 r 1=00000000 r 2=000effff r 3=00003000 
r 4=00000000 r 5=00000000 r 6=00000000 r 7=00000000 
r 8=00000000 r 9=00000000 r10=00000000 r11=00000000 
r12=00000000 r13=00000000 r14=00000000 r15=00000000 
r16=00000000 r17=00000000 r18=00000000 r19=00000000 
r20=00000000 r21=00000000 r22=00000000 r23=00000000 
r24=00000000 r25=00000000 r26=00000000 r27=00000000 
r28=00000000 r29=00000000 r30=00000000 r31=00000000 

v==============Cycle Counter =     1==============v

[IF ]: Instruction [000004b3]@[00001004]: add	x9, x0, x0
[ID ]: Instruction [00000433]@[00001000]: add	x8, x0, x0
[EX ]: Instruction [00000000]@[00000000]: 
[MEM ]: Instruction [00000000]@[00000000]: 
[WB ]: Instruction [00000000]@[00000000]: 
r 0=00000000 r 1=00000000 r 2=000effff r 3=00003000 
r 4=00000000 r 5=00000000 r 6=00000000 r 7=00000000 
r 8=00000000 r 9=00000000 r10=00000000 r11=00000000 
r12=00000000 r13=00000000 r14=00000000 r15=00000000 
r16=00000000 r17=00000000 r18=00000000 r19=00000000 
r20=00000000 r21=00000000 r22=00000000 r23=00000000 
r24=00000000 r25=00000000 r26=00000000 r27=00000000 
r28=00000000 r29=00000000 r30=00000000 r31=00000000 

v==============Cycle Counter =     2==============v

[IF ]: Instruction [40000933]@[00001008]: sub	x18, x0, x0
[ID ]: Instruction [000004b3]@[00001004]: add	x9, x0, x0
[EX ]: Instruction [00000433]@[00000000]: add	x8, x0, x0
[MEM ]: Instruction [00000000]@[00000000]: 
[WB ]: Instruction [00000000]@[00000000]: 
r 0=00000000 r 1=00000000 r 2=000effff r 3=00003000 
r 4=00000000 r 5=00000000 r 6=00000000 r 7=00000000 
r 8=00000000 r 9=00000000 r10=00000000 r11=00000000 
r12=00000000 r13=00000000 r14=00000000 r15=00000000 
r16=00000000 r17=00000000 r18=00000000 r19=00000000 
r20=00000000 r21=00000000 r22=00000000 r23=00000000 
r24=00000000 r25=00000000 r26=00000000 r27=00000000 
r28=00000000 r29=00000000 r30=00000000 r31=00000000 

v==============Cycle Counter =     3==============v

[IF ]: Instruction [00e40413]@[0000100c]: addi	x8, x8, 14
[ID ]: Instruction [40000933]@[00001008]: sub	x18, x0, x0
[EX ]: Instruction [000004b3]@[00000000]: add	x9, x0, x0
[MEM ]: Instruction [00000433]@[00000000]: add	x8, x0, x0
[WB ]: Instruction [00000000]@[00000000]: 
r 0=00000000 r 1=00000000 r 2=000effff r 3=00003000 
r 4=00000000 r 5=00000000 r 6=00000000 r 7=00000000 
r 8=00000000 r 9=00000000 r10=00000000 r11=00000000 
r12=00000000 r13=00000000 r14=00000000 r15=00000000 
r16=00000000 r17=00000000 r18=00000000 r19=00000000 
r20=00000000 r21=00000000 r22=00000000 r23=00000000 
r24=00000000 r25=00000000 r26=00000000 r27=00000000 
r28=00000000 r29=00000000 r30=00000000 r31=00000000 

v==============Cycle Counter =     4==============v

[IF ]: Instruction [01b48493]@[00001010]: addi	x9, x9, 27
[ID ]: Instruction [00e40413]@[0000100c]: addi	x8, x8, 14
[EX ]: Instruction [40000933]@[00000000]: sub	x18, x0, x0
[MEM ]: Instruction [000004b3]@[00000000]: add	x9, x0, x0
[WB ]: Instruction [00000433]@[00000000]: add	x8, x0, x0
r 0=00000000 r 1=00000000 r 2=000effff r 3=00003000 
r 4=00000000 r 5=00000000 r 6=00000000 r 7=00000000 
r 8=00000000 r 9=00000000 r10=00000000 r11=00000000 
r12=00000000 r13=00000000 r14=00000000 r15=00000000 
r16=00000000 r17=00000000 r18=00000000 r19=00000000 
r20=00000000 r21=00000000 r22=00000000 r23=00000000 
r24=00000000 r25=00000000 r26=00000000 r27=00000000 
r28=00000000 r29=00000000 r30=00000000 r31=00000000 

v==============Cycle Counter =     5==============v

[IF ]: Instruction [00040a63]@[00001014]: beq	x8, x0, 20
[ID ]: Instruction [01b48493]@[00001010]: addi	x9, x9, 27
[EX ]: Instruction [00e40413]@[00000000]: addi	x8, x8, 14
[MEM ]: Instruction [40000933]@[00000000]: sub	x18, x0, x0
[WB ]: Instruction [000004b3]@[00000000]: add	x9, x0, x0
r 0=00000000 r 1=00000000 r 2=000effff r 3=00003000 
r 4=00000000 r 5=00000000 r 6=00000000 r 7=00000000 
r 8=00000000 r 9=00000000 r10=00000000 r11=00000000 
r12=00000000 r13=00000000 r14=00000000 r15=00000000 
r16=00000000 r17=00000000 r18=00000000 r19=00000000 
r20=00000000 r21=00000000 r22=00000000 r23=00000000 
r24=00000000 r25=00000000 r26=00000000 r27=00000000 
r28=00000000 r29=00000000 r30=00000000 r31=00000000 

v==============Cycle Counter =     6==============v

[IF ]: Instruction [00990933]@[00001018]: add	x18, x18, x9
[ID ]: Instruction [00040a63]@[00001014]: beq	x8, x0, 20
[EX ]: Instruction [01b48493]@[00000000]: addi	x9, x9, 27
[MEM ]: Instruction [00e40413]@[00000000]: addi	x8, x8, 14
[WB ]: Instruction [40000933]@[00000000]: sub	x18, x0, x0
r 0=00000000 r 1=00000000 r 2=000effff r 3=00003000 
r 4=00000000 r 5=00000000 r 6=00000000 r 7=00000000 
r 8=00000000 r 9=00000000 r10=00000000 r11=00000000 
r12=00000000 r13=00000000 r14=00000000 r15=00000000 
r16=00000000 r17=00000000 r18=00000000 r19=00000000 
r20=00000000 r21=00000000 r22=00000000 r23=00000000 
r24=00000000 r25=00000000 r26=00000000 r27=00000000 
r28=00000000 r29=00000000 r30=00000000 r31=00000000 

v==============Cycle Counter =     7==============v

[IF ]: Instruction [fff40413]@[0000101c]: addi	x8, x8, -1
[FWD]: Resolving MEM hazard on RS1: x8
[ID ]: Instruction [00990933]@[00001018]: add	x18, x18, x9
[EX ]: Instruction [00040a63]@[00000000]: beq	x8, x0, 20
[MEM ]: Instruction [01b48493]@[00000000]: addi	x9, x9, 27
[WB ]: Instruction [00e40413]@[00000000]: addi	x8, x8, 14
r 0=00000000 r 1=00000000 r 2=000effff r 3=00003000 
r 4=00000000 r 5=00000000 r 6=00000000 r 7=00000000 
r 8=00000000 r 9=00000000 r10=00000000 r11=00000000 
r12=00000000 r13=00000000 r14=00000000 r15=00000000 
r16=00000000 r17=00000000 r18=00000000 r19=00000000 
r20=00000000 r21=00000000 r22=00000000 r23=00000000 
r24=00000000 r25=00000000 r26=00000000 r27=00000000 
r28=00000000 r29=00000000 r30=00000000 r31=00000000 

v==============Cycle Counter =     8==============v

[IF ]: Instruction [ff1ff06f]@[00001020]: jal	x0, -16
[FWD]: Resolving MEM hazard on RS2: x9
[ID ]: Instruction [fff40413]@[0000101c]: addi	x8, x8, -1
[EX ]: Instruction [00990933]@[00000000]: add	x18, x18, x9
[MEM ]: Instruction [00040a63]@[00000000]: beq	x8, x0, 20
[WB ]: Instruction [01b48493]@[00000000]: addi	x9, x9, 27
r 0=00000000 r 1=00000000 r 2=000effff r 3=00003000 
r 4=00000000 r 5=00000000 r 6=00000000 r 7=00000000 
r 8=00000000 r 9=00000000 r10=00000000 r11=00000000 
r12=00000000 r13=00000000 r14=00000000 r15=00000000 
r16=00000000 r17=00000000 r18=00000000 r19=00000000 
r20=00000000 r21=00000000 r22=00000000 r23=00000000 
r24=00000000 r25=00000000 r26=00000000 r27=00000000 
r28=00000000 r29=00000000 r30=00000000 r31=00000000 

v==============Cycle Counter =     9==============v

[IF ]: Instruction [00100993]@[00001024]: addi	x19, x0, 1
[ID ]: Instruction [ff1ff06f]@[00001020]: jal	x0, -16
[EX ]: Instruction [fff40413]@[00000000]: addi	x8, x8, -1
[MEM ]: Instruction [00990933]@[00000000]: add	x18, x18, x9
[WB ]: Instruction [00040a63]@[00000000]: beq	x8, x0, 20
r 0=00000000 r 1=00000000 r 2=000effff r 3=00003000 
r 4=00000000 r 5=00000000 r 6=00000000 r 7=00000000 
r 8=00000000 r 9=00000000 r10=00000000 r11=00000000 
r12=00000000 r13=00000000 r14=00000000 r15=00000000 
r16=00000000 r17=00000000 r18=00000000 r19=00000000 
r20=00000000 r21=00000000 r22=00000000 r23=00000000 
r24=00000000 r25=00000000 r26=00000000 r27=00000000 
r28=00000000 r29=00000000 r30=00000000 r31=00000000 

v==============Cycle Counter =    10==============v

[IF ]: Instruction [ffc10113]@[00001028]: addi	x2, x2, -4
[ID ]: Instruction [00100993]@[00001024]: addi	x19, x0, 1
[EX ]: Instruction [ff1ff06f]@[00000000]: jal	x0, -16
[MEM ]: Instruction [fff40413]@[00000000]: addi	x8, x8, -1
[WB ]: Instruction [00990933]@[00000000]: add	x18, x18, x9
r 0=00000000 r 1=00000000 r 2=000effff r 3=00003000 
r 4=00000000 r 5=00000000 r 6=00000000 r 7=00000000 
r 8=00000000 r 9=00000000 r10=00000000 r11=00000000 
r12=00000000 r13=00000000 r14=00000000 r15=00000000 
r16=00000000 r17=00000000 r18=00000000 r19=00000000 
r20=00000000 r21=00000000 r22=00000000 r23=00000000 
r24=00000000 r25=00000000 r26=00000000 r27=00000000 
r28=00000000 r29=00000000 r30=00000000 r31=00000000 

v==============Cycle Counter =    11==============v

[IF ]: Instruction [01312023]@[0000102c]: sw	x19, 0(x2)
[ID ]: Instruction [ffc10113]@[00001028]: addi	x2, x2, -4
[EX ]: Instruction [00100993]@[00000000]: addi	x19, x0, 1
[MEM ]: Instruction [ff1ff06f]@[00000000]: jal	x0, -16
[WB ]: Instruction [fff40413]@[00000000]: addi	x8, x8, -1
r 0=00000000 r 1=00000000 r 2=000effff r 3=00003000 
r 4=00000000 r 5=00000000 r 6=00000000 r 7=00000000 
r 8=00000000 r 9=00000000 r10=00000000 r11=00000000 
r12=00000000 r13=00000000 r14=00000000 r15=00000000 
r16=00000000 r17=00000000 r18=00000000 r19=00000000 
r20=00000000 r21=00000000 r22=00000000 r23=00000000 
r24=00000000 r25=00000000 r26=00000000 r27=00000000 
r28=00000000 r29=00000000 r30=00000000 r31=00000000 

v==============Cycle Counter =    12==============v

[IF ]: Instruction [0139c9b3]@[00001030]: xor	x19, x19, x19
[ID ]: Instruction [01312023]@[0000102c]: sw	x19, 0(x2)
[EX ]: Instruction [ffc10113]@[00000000]: addi	x2, x2, -4
[MEM ]: Instruction [00100993]@[00000000]: addi	x19, x0, 1
[WB ]: Instruction [ff1ff06f]@[00000000]: jal	x0, -16
r 0=00000000 r 1=00000000 r 2=000effff r 3=00003000 
r 4=00000000 r 5=00000000 r 6=00000000 r 7=00000000 
r 8=00000000 r 9=00000000 r10=00000000 r11=00000000 
r12=00000000 r13=00000000 r14=00000000 r15=00000000 
r16=00000000 r17=00000000 r18=00000000 r19=00000000 
r20=00000000 r21=00000000 r22=00000000 r23=00000000 
r24=00000000 r25=00000000 r26=00000000 r27=00000000 
r28=00000000 r29=00000000 r30=00000000 r31=00000000 

v==============Cycle Counter =    13==============v

[IF ]: Instruction [02099263]@[00001034]: bne	x19, x0, 36
[FWD]: Resolving EX hazard on RS1: x2
[FWD]: Resolving MEM hazard on RS2: x19
[ID ]: Instruction [0139c9b3]@[00001030]: xor	x19, x19, x19
[EX ]: Instruction [01312023]@[00000000]: sw	x19, 0(x2)
[MEM ]: Instruction [ffc10113]@[00000000]: addi	x2, x2, -4
[WB ]: Instruction [00100993]@[00000000]: addi	x19, x0, 1
r 0=00000000 r 1=00000000 r 2=000effff r 3=00003000 
r 4=00000000 r 5=00000000 r 6=00000000 r 7=00000000 
r 8=00000000 r 9=00000000 r10=00000000 r11=00000000 
r12=00000000 r13=00000000 r14=00000000 r15=00000000 
r16=00000000 r17=00000000 r18=00000000 r19=00000000 
r20=00000000 r21=00000000 r22=00000000 r23=00000000 
r24=00000000 r25=00000000 r26=00000000 r27=00000000 
r28=00000000 r29=00000000 r30=00000000 r31=00000000 

v==============Cycle Counter =    14==============v

[IF ]: Instruction [00012983]@[00001038]: lw	x19, 0(x2)
[ID ]: Instruction [02099263]@[00001034]: bne	x19, x0, 36
[EX ]: Instruction [0139c9b3]@[00000000]: xor	x19, x19, x19
[MEM ]: Instruction [01312023]@[00000000]: sw	x19, 0(x2)
[WB ]: Instruction [ffc10113]@[00000000]: addi	x2, x2, -4
r 0=00000000 r 1=00000000 r 2=00000000 r 3=00003000 
r 4=00000000 r 5=00000000 r 6=00000000 r 7=00000000 
r 8=00000000 r 9=00000000 r10=00000000 r11=00000000 
r12=00000000 r13=00000000 r14=00000000 r15=00000000 
r16=00000000 r17=00000000 r18=00000000 r19=00000000 
r20=00000000 r21=00000000 r22=00000000 r23=00000000 
r24=00000000 r25=00000000 r26=00000000 r27=00000000 
r28=00000000 r29=00000000 r30=00000000 r31=00000000 

v==============Cycle Counter =    15==============v

[IF ]: Instruction [00410113]@[0000103c]: addi	x2, x2, 4
[FWD]: Resolving EX hazard on RS1: x19
[ID ]: Instruction [00012983]@[00001038]: lw	x19, 0(x2)
[EX ]: Instruction [02099263]@[00000000]: bne	x19, x0, 36
[MEM ]: Instruction [0139c9b3]@[00000000]: xor	x19, x19, x19
[WB ]: Instruction [01312023]@[00000000]: sw	x19, 0(x2)
r 0=00000000 r 1=00000000 r 2=00000000 r 3=00003000 
r 4=00000000 r 5=00000000 r 6=00000000 r 7=00000000 
r 8=00000000 r 9=00000000 r10=00000000 r11=00000000 
r12=00000000 r13=00000000 r14=00000000 r15=00000000 
r16=00000000 r17=00000000 r18=00000000 r19=00000000 
r20=00000000 r21=00000000 r22=00000000 r23=00000000 
r24=00000000 r25=00000000 r26=00000000 r27=00000000 
r28=00000000 r29=00000000 r30=00000000 r31=00000000 

v==============Cycle Counter =    16==============v

[IF ]: Instruction [01300533]@[00001040]: add	x10, x0, x19
[ID ]: Instruction [00410113]@[0000103c]: addi	x2, x2, 4
[EX ]: Instruction [00012983]@[00000000]: lw	x19, 0(x2)
[MEM ]: Instruction [02099263]@[00000000]: bne	x19, x0, 36
[WB ]: Instruction [0139c9b3]@[00000000]: xor	x19, x19, x19
r 0=00000000 r 1=00000000 r 2=00000000 r 3=00003000 
r 4=00000000 r 5=00000000 r 6=00000000 r 7=00000000 
r 8=00000000 r 9=00000000 r10=00000000 r11=00000000 
r12=00000000 r13=00000000 r14=00000000 r15=00000000 
r16=00000000 r17=00000000 r18=00000000 r19=00000000 
r20=00000000 r21=00000000 r22=00000000 r23=00000000 
r24=00000000 r25=00000000 r26=00000000 r27=00000000 
r28=00000000 r29=00000000 r30=00000000 r31=00000000 

v==============Cycle Counter =    17==============v

[IF ]: Instruction [000005b3]@[00001044]: add	x11, x0, x0
[ID ]: Instruction [01300533]@[00001040]: add	x10, x0, x19
[EX ]: Instruction [00410113]@[00000000]: addi	x2, x2, 4
[MEM ]: Instruction [00012983]@[00000000]: lw	x19, 0(x2)
[WB ]: Instruction [02099263]@[00000000]: bne	x19, x0, 36
r 0=00000000 r 1=00000000 r 2=00000000 r 3=00003000 
r 4=00000000 r 5=00000000 r 6=00000000 r 7=00000000 
r 8=00000000 r 9=00000000 r10=00000000 r11=00000000 
r12=00000000 r13=00000000 r14=00000000 r15=00000000 
r16=00000000 r17=00000000 r18=00000000 r19=00000000 
r20=00000000 r21=00000000 r22=00000000 r23=00000000 
r24=00000000 r25=00000000 r26=00000000 r27=00000000 
r28=00000000 r29=00000000 r30=00000000 r31=00000000 

v==============Cycle Counter =    18==============v

[IF ]: Instruction [012065b3]@[00001048]: or	x11, x0, x18
[ID ]: Instruction [000005b3]@[00001044]: add	x11, x0, x0
[EX ]: Instruction [01300533]@[00000000]: add	x10, x0, x19
[MEM ]: Instruction [00410113]@[00000000]: addi	x2, x2, 4
[WB ]: Instruction [00012983]@[00000000]: lw	x19, 0(x2)
r 0=00000000 r 1=00000000 r 2=00000000 r 3=00003000 
r 4=00000000 r 5=00000000 r 6=00000000 r 7=00000000 
r 8=00000000 r 9=00000000 r10=00000000 r11=00000000 
r12=00000000 r13=00000000 r14=00000000 r15=00000000 
r16=00000000 r17=00000000 r18=00000000 r19=00000000 
r20=00000000 r21=00000000 r22=00000000 r23=00000000 
r24=00000000 r25=00000000 r26=00000000 r27=00000000 
r28=00000000 r29=00000000 r30=00000000 r31=00000000 

v==============Cycle Counter =    19==============v

[IF ]: Instruction [00000073]@[0000104c]: ecall
[ID ]: Instruction [012065b3]@[00001048]: or	x11, x0, x18
[EX ]: Instruction [000005b3]@[00000000]: add	x11, x0, x0
[MEM ]: Instruction [01300533]@[00000000]: add	x10, x0, x19
[WB ]: Instruction [00410113]@[00000000]: addi	x2, x2, 4
r 0=00000000 r 1=00000000 r 2=00000000 r 3=00003000 
r 4=00000000 r 5=00000000 r 6=00000000 r 7=00000000 
r 8=00000000 r 9=00000000 r10=00000000 r11=00000000 
r12=00000000 r13=00000000 r14=00000000 r15=00000000 
r16=00000000 r17=00000000 r18=00000000 r19=00000000 
r20=00000000 r21=00000000 r22=00000000 r23=00000000 
r24=00000000 r25=00000000 r26=00000000 r27=00000000 
r28=00000000 r29=00000000 r30=00000000 r31=00000000 

v==============Cycle Counter =    20==============v

[IF ]: Instruction [0080006f]@[00001050]: jal	x0, 8
[ID ]: Instruction [00000073]@[0000104c]: ecall
[EX ]: Instruction [012065b3]@[00000000]: or	x11, x0, x18
[MEM ]: Instruction [000005b3]@[00000000]: add	x11, x0, x0
[WB ]: Instruction [01300533]@[00000000]: add	x10, x0, x19
r 0=00000000 r 1=00000000 r 2=00000000 r 3=00003000 
r 4=00000000 r 5=00000000 r 6=00000000 r 7=00000000 
r 8=00000000 r 9=00000000 r10=00000000 r11=00000000 
r12=00000000 r13=00000000 r14=00000000 r15=00000000 
r16=00000000 r17=00000000 r18=00000000 r19=00000000 
r20=00000000 r21=00000000 r22=00000000 r23=00000000 
r24=00000000 r25=00000000 r26=00000000 r27=00000000 
r28=00000000 r29=00000000 r30=00000000 r31=00000000 

v==============Cycle Counter =    21==============v

[IF ]: Instruction [03297513]@[00001054]: andi	x10, x18, 50
[ID ]: Instruction [0080006f]@[00001050]: jal	x0, 8
[EX ]: Instruction [00000073]@[00000000]: ecall
[MEM ]: Instruction [012065b3]@[00000000]: or	x11, x0, x18
[WB ]: Instruction [000005b3]@[00000000]: add	x11, x0, x0
r 0=00000000 r 1=00000000 r 2=00000000 r 3=00003000 
r 4=00000000 r 5=00000000 r 6=00000000 r 7=00000000 
r 8=00000000 r 9=00000000 r10=00000000 r11=00000000 
r12=00000000 r13=00000000 r14=00000000 r15=00000000 
r16=00000000 r17=00000000 r18=00000000 r19=00000000 
r20=00000000 r21=00000000 r22=00000000 r23=00000000 
r24=00000000 r25=00000000 r26=00000000 r27=00000000 
r28=00000000 r29=00000000 r30=00000000 r31=00000000 

v==============Cycle Counter =    22==============v

[IF ]: Instruction [00a00513]@[00001058]: addi	x10, x0, 10
[ID ]: Instruction [03297513]@[00001054]: andi	x10, x18, 50
[EX ]: Instruction [0080006f]@[00000000]: jal	x0, 8
[MEM ]: Instruction [00000073]@[00000000]: ecall
[WB ]: Instruction [012065b3]@[00000000]: or	x11, x0, x18
r 0=00000000 r 1=00000000 r 2=00000000 r 3=00003000 
r 4=00000000 r 5=00000000 r 6=00000000 r 7=00000000 
r 8=00000000 r 9=00000000 r10=00000000 r11=00000000 
r12=00000000 r13=00000000 r14=00000000 r15=00000000 
r16=00000000 r17=00000000 r18=00000000 r19=00000000 
r20=00000000 r21=00000000 r22=00000000 r23=00000000 
r24=00000000 r25=00000000 r26=00000000 r27=00000000 
r28=00000000 r29=00000000 r30=00000000 r31=00000000 

v==============Cycle Counter =    23==============v

[IF ]: Instruction [00000073]@[0000105c]: ecall
[ID ]: Instruction [00a00513]@[00001058]: addi	x10, x0, 10
[EX ]: Instruction [03297513]@[00000000]: andi	x10, x18, 50
[MEM ]: Instruction [0080006f]@[00000000]: jal	x0, 8
[WB ]: Instruction [00000073]@[00000000]: ecall
r 0=00000000 r 1=00000000 r 2=00000000 r 3=00003000 
r 4=00000000 r 5=00000000 r 6=00000000 r 7=00000000 
r 8=00000000 r 9=00000000 r10=00000000 r11=00000000 
r12=00000000 r13=00000000 r14=00000000 r15=00000000 
r16=00000000 r17=00000000 r18=00000000 r19=00000000 
r20=00000000 r21=00000000 r22=00000000 r23=00000000 
r24=00000000 r25=00000000 r26=00000000 r27=00000000 
r28=00000000 r29=00000000 r30=00000000 r31=00000000 

v==============Cycle Counter =    24==============v

[IF ]: Instruction [00000013]@[00001060]: addi	x0, x0, 0
[ID ]: Instruction [00000073]@[0000105c]: ecall
[EX ]: Instruction [00a00513]@[00000000]: addi	x10, x0, 10
[MEM ]: Instruction [03297513]@[00000000]: andi	x10, x18, 50
[WB ]: Instruction [0080006f]@[00000000]: jal	x0, 8
r 0=00000000 r 1=00000000 r 2=00000000 r 3=00003000 
r 4=00000000 r 5=00000000 r 6=00000000 r 7=00000000 
r 8=00000000 r 9=00000000 r10=00000000 r11=00000000 
r12=00000000 r13=00000000 r14=00000000 r15=00000000 
r16=00000000 r17=00000000 r18=00000000 r19=00000000 
r20=00000000 r21=00000000 r22=00000000 r23=00000000 
r24=00000000 r25=00000000 r26=00000000 r27=00000000 
r28=00000000 r29=00000000 r30=00000000 r31=00000000 

v==============Cycle Counter =    25==============v

[IF ]: Instruction [00000013]@[00001064]: addi	x0, x0, 0
[ID ]: Instruction [00000013]@[00001060]: addi	x0, x0, 0
[EX ]: Instruction [00000073]@[00000000]: ecall
[MEM ]: Instruction [00a00513]@[00000000]: addi	x10, x0, 10
[WB ]: Instruction [03297513]@[00000000]: andi	x10, x18, 50
r 0=00000000 r 1=00000000 r 2=00000000 r 3=00003000 
r 4=00000000 r 5=00000000 r 6=00000000 r 7=00000000 
r 8=00000000 r 9=00000000 r10=00000000 r11=00000000 
r12=00000000 r13=00000000 r14=00000000 r15=00000000 
r16=00000000 r17=00000000 r18=00000000 r19=00000000 
r20=00000000 r21=00000000 r22=00000000 r23=00000000 
r24=00000000 r25=00000000 r26=00000000 r27=00000000 
r28=00000000 r29=00000000 r30=00000000 r31=00000000 

v==============Cycle Counter =    26==============v

[IF ]: Instruction [00000013]@[00001068]: addi	x0, x0, 0
[ID ]: Instruction [00000013]@[00001064]: addi	x0, x0, 0
[EX ]: Instruction [00000013]@[00000000]: addi	x0, x0, 0
[MEM ]: Instruction [00000073]@[00000000]: ecall
[WB ]: Instruction [00a00513]@[00000000]: addi	x10, x0, 10
r 0=00000000 r 1=00000000 r 2=00000000 r 3=00003000 
r 4=00000000 r 5=00000000 r 6=00000000 r 7=00000000 
r 8=00000000 r 9=00000000 r10=00000000 r11=00000000 
r12=00000000 r13=00000000 r14=00000000 r15=00000000 
r16=00000000 r17=00000000 r18=00000000 r19=00000000 
r20=00000000 r21=00000000 r22=00000000 r23=00000000 
r24=00000000 r25=00000000 r26=00000000 r27=00000000 
r28=00000000 r29=00000000 r30=00000000 r31=00000000 


========
[MAIN]: Flushing pipeline
========
v==============Cycle Counter =    27==============v

[IF ]: Instruction [00000013]@[0000106c]: addi	x0, x0, 0
[ID ]: Instruction [00000013]@[00001068]: addi	x0, x0, 0
[EX ]: Instruction [00000013]@[00000000]: addi	x0, x0, 0
[MEM ]: Instruction [00000013]@[00000000]: addi	x0, x0, 0
[WB ]: Instruction [00000073]@[00000000]: ecall
r 0=00000000 r 1=00000000 r 2=00000000 r 3=00003000 
r 4=00000000 r 5=00000000 r 6=00000000 r 7=00000000 
r 8=00000000 r 9=00000000 r10=00000000 r11=00000000 
r12=00000000 r13=00000000 r14=00000000 r15=00000000 
r16=00000000 r17=00000000 r18=00000000 r19=00000000 
r20=00000000 r21=00000000 r22=00000000 r23=00000000 
r24=00000000 r25=00000000 r26=00000000 r27=00000000 
r28=00000000 r29=00000000 r30=00000000 r31=00000000 

v==============Cycle Counter =    28==============v

[IF ]: Instruction [00000013]@[00001070]: addi	x0, x0, 0
[ID ]: Instruction [00000013]@[0000106c]: addi	x0, x0, 0
[EX ]: Instruction [00000013]@[00000000]: addi	x0, x0, 0
[MEM ]: Instruction [00000013]@[00000000]: addi	x0, x0, 0
[WB ]: Instruction [00000013]@[00000000]: addi	x0, x0, 0
r 0=00000000 r 1=00000000 r 2=00000000 r 3=00003000 
r 4=00000000 r 5=00000000 r 6=00000000 r 7=00000000 
r 8=00000000 r 9=00000000 r10=00000000 r11=00000000 
r12=00000000 r13=00000000 r14=00000000 r15=00000000 
r16=00000000 r17=00000000 r18=00000000 r19=00000000 
r20=00000000 r21=00000000 r22=00000000 r23=00000000 
r24=00000000 r25=00000000 r26=00000000 r27=00000000 
r28=00000000 r29=00000000 r30=00000000 r31=00000000 

v==============Cycle Counter =    29==============v

[IF ]: Instruction [00000013]@[00001074]: addi	x0, x0, 0
[ID ]: Instruction [00000013]@[00001070]: addi	x0, x0, 0
[EX ]: Instruction [00000013]@[00000000]: addi	x0, x0, 0
[MEM ]: Instruction [00000013]@[00000000]: addi	x0, x0, 0
[WB ]: Instruction [00000013]@[00000000]: addi	x0, x0, 0
r 0=00000000 r 1=00000000 r 2=00000000 r 3=00003000 
r 4=00000000 r 5=00000000 r 6=00000000 r 7=00000000 
r 8=00000000 r 9=00000000 r10=00000000 r11=00000000 
r12=00000000 r13=00000000 r14=00000000 r15=00000000 
r16=00000000 r17=00000000 r18=00000000 r19=00000000 
r20=00000000 r21=00000000 r22=00000000 r23=00000000 
r24=00000000 r25=00000000 r26=00000000 r27=00000000 
r28=00000000 r29=00000000 r30=00000000 r31=00000000 

v==============Cycle Counter =    30==============v

[IF ]: Instruction [00000013]@[00001078]: addi	x0, x0, 0
[ID ]: Instruction [00000013]@[00001074]: addi	x0, x0, 0
[EX ]: Instruction [00000013]@[00000000]: addi	x0, x0, 0
[MEM ]: Instruction [00000013]@[00000000]: addi	x0, x0, 0
[WB ]: Instruction [00000013]@[00000000]: addi	x0, x0, 0
r 0=00000000 r 1=00000000 r 2=00000000 r 3=00003000 
r 4=00000000 r 5=00000000 r 6=00000000 r 7=00000000 
r 8=00000000 r 9=00000000 r10=00000000 r11=00000000 
r12=00000000 r13=00000000 r14=00000000 r15=00000000 
r16=00000000 r17=00000000 r18=00000000 r19=00000000 
r20=00000000 r21=00000000 r22=00000000 r23=00000000 
r24=00000000 r25=00000000 r26=00000000 r27=00000000 
r28=00000000 r29=00000000 r30=00000000 r31=00000000 

v==============Cycle Counter =    31==============v

[IF ]: Instruction [00000013]@[0000107c]: addi	x0, x0, 0
[ID ]: Instruction [00000013]@[00001078]: addi	x0, x0, 0
[EX ]: Instruction [00000013]@[00000000]: addi	x0, x0, 0
[MEM ]: Instruction [00000013]@[00000000]: addi	x0, x0, 0
[WB ]: Instruction [00000013]@[00000000]: addi	x0, x0, 0
r 0=00000000 r 1=00000000 r 2=00000000 r 3=00003000 
r 4=00000000 r 5=00000000 r 6=00000000 r 7=00000000 
r 8=00000000 r 9=00000000 r10=00000000 r11=00000000 
r12=00000000 r13=00000000 r14=00000000 r15=00000000 
r16=00000000 r17=00000000 r18=00000000 r19=00000000 
r20=00000000 r21=00000000 r22=00000000 r23=00000000 
r24=00000000 r25=00000000 r26=00000000 r27=00000000 
r28=00000000 r29=00000000 r30=00000000 r31=00000000 

#Cycles            =    32
#Forwards (EX-EX)  =     2
#Forwards (EX-MEM) =     3
#Branches taken    =     3
#Stalls            =     0
#MEM   stalls      =     0
#Cache accesses    =     0
#Cache hits        =     0
#Cache misses      =     0
