v==============Cycle Counter =     0==============v

[IF ]: Instruction [01000093]@[00001000]: addi	x1, x0, 16
[ID ]: Instruction [00000000]@[00000000]: 
[EX ]: Instruction [00000000]@[00000000]: 
[MEM ]: Instruction [00000000]@[00000000]: 
[WB ]: Instruction [00000000]@[00000000]: 
r 0=00000000 r 1=00000000 r 2=000effff r 3=00003000 
r 4=00000000 r 5=00000000 r 6=00000000 r 7=00000000 
r 8=00000000 r 9=00000000 r10=00000000 r11=00000000 
r12=00000000 r13=00000000 r14=00000000 r15=00000000 
r16=00000000 r17=00000000 r18=00000000 r19=00000000 
r20=00000000 r21=00000000 r22=00000000 r23=00000000 
r24=00000000 r25=00000000 r26=00000000 r27=00000000 
r28=00000000 r29=00000000 r30=00000000 r31=00000000 

v==============Cycle Counter =     1==============v

[IF ]: Instruction [00909113]@[00001004]: slli	x2, x1, 9
[ID ]: Instruction [01000093]@[00001000]: addi	x1, x0, 16
[EX ]: Instruction [00000000]@[00000000]: 
[MEM ]: Instruction [00000000]@[00000000]: 
[WB ]: Instruction [00000000]@[00000000]: 
r 0=00000000 r 1=00000000 r 2=000effff r 3=00003000 
r 4=00000000 r 5=00000000 r 6=00000000 r 7=00000000 
r 8=00000000 r 9=00000000 r10=00000000 r11=00000000 
r12=00000000 r13=00000000 r14=00000000 r15=00000000 
r16=00000000 r17=00000000 r18=00000000 r19=00000000 
r20=00000000 r21=00000000 r22=00000000 r23=00000000 
r24=00000000 r25=00000000 r26=00000000 r27=00000000 
r28=00000000 r29=00000000 r30=00000000 r31=00000000 

v==============Cycle Counter =     2==============v

[IF ]: Instruction [002101b3]@[00001008]: add	x3, x2, x2
[ID ]: Instruction [00909113]@[00001004]: slli	x2, x1, 9
[EX ]: Instruction [01000093]@[00000000]: addi	x1, x0, 16
[MEM ]: Instruction [00000000]@[00000000]: 
[WB ]: Instruction [00000000]@[00000000]: 
r 0=00000000 r 1=00000000 r 2=000effff r 3=00003000 
r 4=00000000 r 5=00000000 r 6=00000000 r 7=00000000 
r 8=00000000 r 9=00000000 r10=00000000 r11=00000000 
r12=00000000 r13=00000000 r14=00000000 r15=00000000 
r16=00000000 r17=00000000 r18=00000000 r19=00000000 
r20=00000000 r21=00000000 r22=00000000 r23=00000000 
r24=00000000 r25=00000000 r26=00000000 r27=00000000 
r28=00000000 r29=00000000 r30=00000000 r31=00000000 

v==============Cycle Counter =     3==============v

[IF ]: Instruction [00310233]@[0000100c]: add	x4, x2, x3
[FWD]: Resolving EX hazard on RS1: x1
[ID ]: Instruction [002101b3]@[00001008]: add	x3, x2, x2
[EX ]: Instruction [00909113]@[00000000]: slli	x2, x1, 9
[MEM ]: Instruction [01000093]@[00000000]: addi	x1, x0, 16
[WB ]: Instruction [00000000]@[00000000]: 
r 0=00000000 r 1=00000000 r 2=000effff r 3=00003000 
r 4=00000000 r 5=00000000 r 6=00000000 r 7=00000000 
r 8=00000000 r 9=00000000 r10=00000000 r11=00000000 
r12=00000000 r13=00000000 r14=00000000 r15=00000000 
r16=00000000 r17=00000000 r18=00000000 r19=00000000 
r20=00000000 r21=00000000 r22=00000000 r23=00000000 
r24=00000000 r25=00000000 r26=00000000 r27=00000000 
r28=00000000 r29=00000000 r30=00000000 r31=00000000 

v==============Cycle Counter =     4==============v

[IF ]: Instruction [10000293]@[00001010]: addi	x5, x0, 256
[FWD]: Resolving EX hazard on RS1: x2
[FWD]: Resolving EX hazard on RS2: x2
[ID ]: Instruction [00310233]@[0000100c]: add	x4, x2, x3
[EX ]: Instruction [002101b3]@[00000000]: add	x3, x2, x2
[MEM ]: Instruction [00909113]@[00000000]: slli	x2, x1, 9
[WB ]: Instruction [01000093]@[00000000]: addi	x1, x0, 16
r 0=00000000 r 1=00000000 r 2=000effff r 3=00003000 
r 4=00000000 r 5=00000000 r 6=00000000 r 7=00000000 
r 8=00000000 r 9=00000000 r10=00000000 r11=00000000 
r12=00000000 r13=00000000 r14=00000000 r15=00000000 
r16=00000000 r17=00000000 r18=00000000 r19=00000000 
r20=00000000 r21=00000000 r22=00000000 r23=00000000 
r24=00000000 r25=00000000 r26=00000000 r27=00000000 
r28=00000000 r29=00000000 r30=00000000 r31=00000000 

v==============Cycle Counter =     5==============v

[IF ]: Instruction [00200333]@[00001014]: add	x6, x0, x2
[FWD]: Resolving EX hazard on RS2: x3
[FWD]: Resolving MEM hazard on RS1: x2
[ID ]: Instruction [10000293]@[00001010]: addi	x5, x0, 256
[EX ]: Instruction [00310233]@[00000000]: add	x4, x2, x3
[MEM ]: Instruction [002101b3]@[00000000]: add	x3, x2, x2
[WB ]: Instruction [00909113]@[00000000]: slli	x2, x1, 9
r 0=00000000 r 1=00000000 r 2=00000000 r 3=00003000 
r 4=00000000 r 5=00000000 r 6=00000000 r 7=00000000 
r 8=00000000 r 9=00000000 r10=00000000 r11=00000000 
r12=00000000 r13=00000000 r14=00000000 r15=00000000 
r16=00000000 r17=00000000 r18=00000000 r19=00000000 
r20=00000000 r21=00000000 r22=00000000 r23=00000000 
r24=00000000 r25=00000000 r26=00000000 r27=00000000 
r28=00000000 r29=00000000 r30=00000000 r31=00000000 

v==============Cycle Counter =     6==============v

[IF ]: Instruction [00632023]@[00001018]: sw	x6, 0(x6)
[ID ]: Instruction [00200333]@[00001014]: add	x6, x0, x2
[EX ]: Instruction [10000293]@[00000000]: addi	x5, x0, 256
[MEM ]: Instruction [00310233]@[00000000]: add	x4, x2, x3
[WB ]: Instruction [002101b3]@[00000000]: add	x3, x2, x2
r 0=00000000 r 1=00000000 r 2=00000000 r 3=00000000 
r 4=00000000 r 5=00000000 r 6=00000000 r 7=00000000 
r 8=00000000 r 9=00000000 r10=00000000 r11=00000000 
r12=00000000 r13=00000000 r14=00000000 r15=00000000 
r16=00000000 r17=00000000 r18=00000000 r19=00000000 
r20=00000000 r21=00000000 r22=00000000 r23=00000000 
r24=00000000 r25=00000000 r26=00000000 r27=00000000 
r28=00000000 r29=00000000 r30=00000000 r31=00000000 

v==============Cycle Counter =     7==============v

[IF ]: Instruction [00430313]@[0000101c]: addi	x6, x6, 4
[ID ]: Instruction [00632023]@[00001018]: sw	x6, 0(x6)
[EX ]: Instruction [00200333]@[00000000]: add	x6, x0, x2
[MEM ]: Instruction [10000293]@[00000000]: addi	x5, x0, 256
[WB ]: Instruction [00310233]@[00000000]: add	x4, x2, x3
r 0=00000000 r 1=00000000 r 2=00000000 r 3=00000000 
r 4=00000000 r 5=00000000 r 6=00000000 r 7=00000000 
r 8=00000000 r 9=00000000 r10=00000000 r11=00000000 
r12=00000000 r13=00000000 r14=00000000 r15=00000000 
r16=00000000 r17=00000000 r18=00000000 r19=00000000 
r20=00000000 r21=00000000 r22=00000000 r23=00000000 
r24=00000000 r25=00000000 r26=00000000 r27=00000000 
r28=00000000 r29=00000000 r30=00000000 r31=00000000 

v==============Cycle Counter =     8==============v

[IF ]: Instruction [fe431ce3]@[00001020]: bne	x6, x4, -8
[FWD]: Resolving EX hazard on RS1: x6
[FWD]: Resolving EX hazard on RS2: x6
[ID ]: Instruction [00430313]@[0000101c]: addi	x6, x6, 4
[EX ]: Instruction [00632023]@[00000000]: sw	x6, 0(x6)
[MEM ]: Instruction [00200333]@[00000000]: add	x6, x0, x2
[WB ]: Instruction [10000293]@[00000000]: addi	x5, x0, 256
r 0=00000000 r 1=00000000 r 2=00000000 r 3=00000000 
r 4=00000000 r 5=00000000 r 6=00000000 r 7=00000000 
r 8=00000000 r 9=00000000 r10=00000000 r11=00000000 
r12=00000000 r13=00000000 r14=00000000 r15=00000000 
r16=00000000 r17=00000000 r18=00000000 r19=00000000 
r20=00000000 r21=00000000 r22=00000000 r23=00000000 
r24=00000000 r25=00000000 r26=00000000 r27=00000000 
r28=00000000 r29=00000000 r30=00000000 r31=00000000 

v==============Cycle Counter =     9==============v

[IF ]: Instruction [00000493]@[00001024]: addi	x9, x0, 0
[FWD]: Resolving MEM hazard on RS1: x6
[ID ]: Instruction [fe431ce3]@[00001020]: bne	x6, x4, -8
[EX ]: Instruction [00430313]@[00000000]: addi	x6, x6, 4
[MEM ]: Instruction [00632023]@[00000000]: sw	x6, 0(x6)
[WB ]: Instruction [00200333]@[00000000]: add	x6, x0, x2
r 0=00000000 r 1=00000000 r 2=00000000 r 3=00000000 
r 4=00000000 r 5=00000000 r 6=00000000 r 7=00000000 
r 8=00000000 r 9=00000000 r10=00000000 r11=00000000 
r12=00000000 r13=00000000 r14=00000000 r15=00000000 
r16=00000000 r17=00000000 r18=00000000 r19=00000000 
r20=00000000 r21=00000000 r22=00000000 r23=00000000 
r24=00000000 r25=00000000 r26=00000000 r27=00000000 
r28=00000000 r29=00000000 r30=00000000 r31=00000000 

v==============Cycle Counter =    10==============v

[IF ]: Instruction [00000513]@[00001028]: addi	x10, x0, 0
[FWD]: Resolving EX hazard on RS1: x6
[ID ]: Instruction [00000493]@[00001024]: addi	x9, x0, 0
[EX ]: Instruction [fe431ce3]@[00000000]: bne	x6, x4, -8
[MEM ]: Instruction [00430313]@[00000000]: addi	x6, x6, 4
[WB ]: Instruction [00632023]@[00000000]: sw	x6, 0(x6)
r 0=00000000 r 1=00000000 r 2=00000000 r 3=00000000 
r 4=00000000 r 5=00000000 r 6=00000000 r 7=00000000 
r 8=00000000 r 9=00000000 r10=00000000 r11=00000000 
r12=00000000 r13=00000000 r14=00000000 r15=00000000 
r16=00000000 r17=00000000 r18=00000000 r19=00000000 
r20=00000000 r21=00000000 r22=00000000 r23=00000000 
r24=00000000 r25=00000000 r26=00000000 r27=00000000 
r28=00000000 r29=00000000 r30=00000000 r31=00000000 

v==============Cycle Counter =    11==============v

[IF ]: Instruction [00000593]@[0000102c]: addi	x11, x0, 0
[ID ]: Instruction [00000513]@[00001028]: addi	x10, x0, 0
[EX ]: Instruction [00000493]@[00000000]: addi	x9, x0, 0
[MEM ]: Instruction [fe431ce3]@[00000000]: bne	x6, x4, -8
[WB ]: Instruction [00430313]@[00000000]: addi	x6, x6, 4
r 0=00000000 r 1=00000000 r 2=00000000 r 3=00000000 
r 4=00000000 r 5=00000000 r 6=00000000 r 7=00000000 
r 8=00000000 r 9=00000000 r10=00000000 r11=00000000 
r12=00000000 r13=00000000 r14=00000000 r15=00000000 
r16=00000000 r17=00000000 r18=00000000 r19=00000000 
r20=00000000 r21=00000000 r22=00000000 r23=00000000 
r24=00000000 r25=00000000 r26=00000000 r27=00000000 
r28=00000000 r29=00000000 r30=00000000 r31=00000000 

v==============Cycle Counter =    12==============v

[IF ]: Instruction [0e548663]@[00001030]: beq	x9, x5, 236
[ID ]: Instruction [00000593]@[0000102c]: addi	x11, x0, 0
[EX ]: Instruction [00000513]@[00000000]: addi	x10, x0, 0
[MEM ]: Instruction [00000493]@[00000000]: addi	x9, x0, 0
[WB ]: Instruction [fe431ce3]@[00000000]: bne	x6, x4, -8
r 0=00000000 r 1=00000000 r 2=00000000 r 3=00000000 
r 4=00000000 r 5=00000000 r 6=00000000 r 7=00000000 
r 8=00000000 r 9=00000000 r10=00000000 r11=00000000 
r12=00000000 r13=00000000 r14=00000000 r15=00000000 
r16=00000000 r17=00000000 r18=00000000 r19=00000000 
r20=00000000 r21=00000000 r22=00000000 r23=00000000 
r24=00000000 r25=00000000 r26=00000000 r27=00000000 
r28=00000000 r29=00000000 r30=00000000 r31=00000000 

v==============Cycle Counter =    13==============v

[IF ]: Instruction [00000513]@[00001034]: addi	x10, x0, 0
[ID ]: Instruction [0e548663]@[00001030]: beq	x9, x5, 236
[EX ]: Instruction [00000593]@[00000000]: addi	x11, x0, 0
[MEM ]: Instruction [00000513]@[00000000]: addi	x10, x0, 0
[WB ]: Instruction [00000493]@[00000000]: addi	x9, x0, 0
r 0=00000000 r 1=00000000 r 2=00000000 r 3=00000000 
r 4=00000000 r 5=00000000 r 6=00000000 r 7=00000000 
r 8=00000000 r 9=00000000 r10=00000000 r11=00000000 
r12=00000000 r13=00000000 r14=00000000 r15=00000000 
r16=00000000 r17=00000000 r18=00000000 r19=00000000 
r20=00000000 r21=00000000 r22=00000000 r23=00000000 
r24=00000000 r25=00000000 r26=00000000 r27=00000000 
r28=00000000 r29=00000000 r30=00000000 r31=00000000 

v==============Cycle Counter =    14==============v

[IF ]: Instruction [0c550e63]@[00001038]: beq	x10, x5, 220
[ID ]: Instruction [00000513]@[00001034]: addi	x10, x0, 0
[EX ]: Instruction [0e548663]@[00000000]: beq	x9, x5, 236
[MEM ]: Instruction [00000593]@[00000000]: addi	x11, x0, 0
[WB ]: Instruction [00000513]@[00000000]: addi	x10, x0, 0
r 0=00000000 r 1=00000000 r 2=00000000 r 3=00000000 
r 4=00000000 r 5=00000000 r 6=00000000 r 7=00000000 
r 8=00000000 r 9=00000000 r10=00000000 r11=00000000 
r12=00000000 r13=00000000 r14=00000000 r15=00000000 
r16=00000000 r17=00000000 r18=00000000 r19=00000000 
r20=00000000 r21=00000000 r22=00000000 r23=00000000 
r24=00000000 r25=00000000 r26=00000000 r27=00000000 
r28=00000000 r29=00000000 r30=00000000 r31=00000000 

v==============Cycle Counter =    15==============v

[IF ]: Instruction [00000313]@[0000103c]: addi	x6, x0, 0
[ID ]: Instruction [0c550e63]@[00001038]: beq	x10, x5, 220
[EX ]: Instruction [00000513]@[00000000]: addi	x10, x0, 0
[MEM ]: Instruction [0e548663]@[00000000]: beq	x9, x5, 236
[WB ]: Instruction [00000593]@[00000000]: addi	x11, x0, 0
r 0=00000000 r 1=00000000 r 2=00000000 r 3=00000000 
r 4=00000000 r 5=00000000 r 6=00000000 r 7=00000000 
r 8=00000000 r 9=00000000 r10=00000000 r11=00000000 
r12=00000000 r13=00000000 r14=00000000 r15=00000000 
r16=00000000 r17=00000000 r18=00000000 r19=00000000 
r20=00000000 r21=00000000 r22=00000000 r23=00000000 
r24=00000000 r25=00000000 r26=00000000 r27=00000000 
r28=00000000 r29=00000000 r30=00000000 r31=00000000 

v==============Cycle Counter =    16==============v

[IF ]: Instruction [00000393]@[00001040]: addi	x7, x0, 0
[FWD]: Resolving EX hazard on RS1: x10
[ID ]: Instruction [00000313]@[0000103c]: addi	x6, x0, 0
[EX ]: Instruction [0c550e63]@[00000000]: beq	x10, x5, 220
[MEM ]: Instruction [00000513]@[00000000]: addi	x10, x0, 0
[WB ]: Instruction [0e548663]@[00000000]: beq	x9, x5, 236
r 0=00000000 r 1=00000000 r 2=00000000 r 3=00000000 
r 4=00000000 r 5=00000000 r 6=00000000 r 7=00000000 
r 8=00000000 r 9=00000000 r10=00000000 r11=00000000 
r12=00000000 r13=00000000 r14=00000000 r15=00000000 
r16=00000000 r17=00000000 r18=00000000 r19=00000000 
r20=00000000 r21=00000000 r22=00000000 r23=00000000 
r24=00000000 r25=00000000 r26=00000000 r27=00000000 
r28=00000000 r29=00000000 r30=00000000 r31=00000000 

v==============Cycle Counter =    17==============v

[IF ]: Instruction [00000413]@[00001044]: addi	x8, x0, 0
[ID ]: Instruction [00000393]@[00001040]: addi	x7, x0, 0
[EX ]: Instruction [00000313]@[00000000]: addi	x6, x0, 0
[MEM ]: Instruction [0c550e63]@[00000000]: beq	x10, x5, 220
[WB ]: Instruction [00000513]@[00000000]: addi	x10, x0, 0
r 0=00000000 r 1=00000000 r 2=00000000 r 3=00000000 
r 4=00000000 r 5=00000000 r 6=00000000 r 7=00000000 
r 8=00000000 r 9=00000000 r10=00000000 r11=00000000 
r12=00000000 r13=00000000 r14=00000000 r15=00000000 
r16=00000000 r17=00000000 r18=00000000 r19=00000000 
r20=00000000 r21=00000000 r22=00000000 r23=00000000 
r24=00000000 r25=00000000 r26=00000000 r27=00000000 
r28=00000000 r29=00000000 r30=00000000 r31=00000000 

v==============Cycle Counter =    18==============v

[IF ]: Instruction [00251613]@[00001048]: slli	x12, x10, 2
[ID ]: Instruction [00000413]@[00001044]: addi	x8, x0, 0
[EX ]: Instruction [00000393]@[00000000]: addi	x7, x0, 0
[MEM ]: Instruction [00000313]@[00000000]: addi	x6, x0, 0
[WB ]: Instruction [0c550e63]@[00000000]: beq	x10, x5, 220
r 0=00000000 r 1=00000000 r 2=00000000 r 3=00000000 
r 4=00000000 r 5=00000000 r 6=00000000 r 7=00000000 
r 8=00000000 r 9=00000000 r10=00000000 r11=00000000 
r12=00000000 r13=00000000 r14=00000000 r15=00000000 
r16=00000000 r17=00000000 r18=00000000 r19=00000000 
r20=00000000 r21=00000000 r22=00000000 r23=00000000 
r24=00000000 r25=00000000 r26=00000000 r27=00000000 
r28=00000000 r29=00000000 r30=00000000 r31=00000000 

v==============Cycle Counter =    19==============v

[IF ]: Instruction [00161693]@[0000104c]: slli	x13, x12, 1
[ID ]: Instruction [00251613]@[00001048]: slli	x12, x10, 2
[EX ]: Instruction [00000413]@[00000000]: addi	x8, x0, 0
[MEM ]: Instruction [00000393]@[00000000]: addi	x7, x0, 0
[WB ]: Instruction [00000313]@[00000000]: addi	x6, x0, 0
r 0=00000000 r 1=00000000 r 2=00000000 r 3=00000000 
r 4=00000000 r 5=00000000 r 6=00000000 r 7=00000000 
r 8=00000000 r 9=00000000 r10=00000000 r11=00000000 
r12=00000000 r13=00000000 r14=00000000 r15=00000000 
r16=00000000 r17=00000000 r18=00000000 r19=00000000 
r20=00000000 r21=00000000 r22=00000000 r23=00000000 
r24=00000000 r25=00000000 r26=00000000 r27=00000000 
r28=00000000 r29=00000000 r30=00000000 r31=00000000 

v==============Cycle Counter =    20==============v

[IF ]: Instruction [00c686b3]@[00001050]: add	x13, x13, x12
[ID ]: Instruction [00161693]@[0000104c]: slli	x13, x12, 1
[EX ]: Instruction [00251613]@[00000000]: slli	x12, x10, 2
[MEM ]: Instruction [00000413]@[00000000]: addi	x8, x0, 0
[WB ]: Instruction [00000393]@[00000000]: addi	x7, x0, 0
r 0=00000000 r 1=00000000 r 2=00000000 r 3=00000000 
r 4=00000000 r 5=00000000 r 6=00000000 r 7=00000000 
r 8=00000000 r 9=00000000 r10=00000000 r11=00000000 
r12=00000000 r13=00000000 r14=00000000 r15=00000000 
r16=00000000 r17=00000000 r18=00000000 r19=00000000 
r20=00000000 r21=00000000 r22=00000000 r23=00000000 
r24=00000000 r25=00000000 r26=00000000 r27=00000000 
r28=00000000 r29=00000000 r30=00000000 r31=00000000 

v==============Cycle Counter =    21==============v

[IF ]: Instruction [00d10633]@[00001054]: add	x12, x2, x13
[FWD]: Resolving EX hazard on RS1: x12
[ID ]: Instruction [00c686b3]@[00001050]: add	x13, x13, x12
[EX ]: Instruction [00161693]@[00000000]: slli	x13, x12, 1
[MEM ]: Instruction [00251613]@[00000000]: slli	x12, x10, 2
[WB ]: Instruction [00000413]@[00000000]: addi	x8, x0, 0
r 0=00000000 r 1=00000000 r 2=00000000 r 3=00000000 
r 4=00000000 r 5=00000000 r 6=00000000 r 7=00000000 
r 8=00000000 r 9=00000000 r10=00000000 r11=00000000 
r12=00000000 r13=00000000 r14=00000000 r15=00000000 
r16=00000000 r17=00000000 r18=00000000 r19=00000000 
r20=00000000 r21=00000000 r22=00000000 r23=00000000 
r24=00000000 r25=00000000 r26=00000000 r27=00000000 
r28=00000000 r29=00000000 r30=00000000 r31=00000000 

v==============Cycle Counter =    22==============v

[IF ]: Instruction [00d186b3]@[00001058]: add	x13, x3, x13
[FWD]: Resolving EX hazard on RS1: x13
[FWD]: Resolving MEM hazard on RS2: x12
[ID ]: Instruction [00d10633]@[00001054]: add	x12, x2, x13
[EX ]: Instruction [00c686b3]@[00000000]: add	x13, x13, x12
[MEM ]: Instruction [00161693]@[00000000]: slli	x13, x12, 1
[WB ]: Instruction [00251613]@[00000000]: slli	x12, x10, 2
r 0=00000000 r 1=00000000 r 2=00000000 r 3=00000000 
r 4=00000000 r 5=00000000 r 6=00000000 r 7=00000000 
r 8=00000000 r 9=00000000 r10=00000000 r11=00000000 
r12=00000000 r13=00000000 r14=00000000 r15=00000000 
r16=00000000 r17=00000000 r18=00000000 r19=00000000 
r20=00000000 r21=00000000 r22=00000000 r23=00000000 
r24=00000000 r25=00000000 r26=00000000 r27=00000000 
r28=00000000 r29=00000000 r30=00000000 r31=00000000 

v==============Cycle Counter =    23==============v

[IF ]: Instruction [00062703]@[0000105c]: lw	x14, 0(x12)
[FWD]: Resolving EX hazard on RS2: x13
[ID ]: Instruction [00d186b3]@[00001058]: add	x13, x3, x13
[EX ]: Instruction [00d10633]@[00000000]: add	x12, x2, x13
[MEM ]: Instruction [00c686b3]@[00000000]: add	x13, x13, x12
[WB ]: Instruction [00161693]@[00000000]: slli	x13, x12, 1
r 0=00000000 r 1=00000000 r 2=00000000 r 3=00000000 
r 4=00000000 r 5=00000000 r 6=00000000 r 7=00000000 
r 8=00000000 r 9=00000000 r10=00000000 r11=00000000 
r12=00000000 r13=00000000 r14=00000000 r15=00000000 
r16=00000000 r17=00000000 r18=00000000 r19=00000000 
r20=00000000 r21=00000000 r22=00000000 r23=00000000 
r24=00000000 r25=00000000 r26=00000000 r27=00000000 
r28=00000000 r29=00000000 r30=00000000 r31=00000000 

v==============Cycle Counter =    24==============v

[IF ]: Instruction [00462783]@[00001060]: lw	x15, 4(x12)
[FWD]: Resolving MEM hazard on RS2: x13
[ID ]: Instruction [00062703]@[0000105c]: lw	x14, 0(x12)
[EX ]: Instruction [00d186b3]@[00000000]: add	x13, x3, x13
[MEM ]: Instruction [00d10633]@[00000000]: add	x12, x2, x13
[WB ]: Instruction [00c686b3]@[00000000]: add	x13, x13, x12
r 0=00000000 r 1=00000000 r 2=00000000 r 3=00000000 
r 4=00000000 r 5=00000000 r 6=00000000 r 7=00000000 
r 8=00000000 r 9=00000000 r10=00000000 r11=00000000 
r12=00000000 r13=00000000 r14=00000000 r15=00000000 
r16=00000000 r17=00000000 r18=00000000 r19=00000000 
r20=00000000 r21=00000000 r22=00000000 r23=00000000 
r24=00000000 r25=00000000 r26=00000000 r27=00000000 
r28=00000000 r29=00000000 r30=00000000 r31=00000000 

v==============Cycle Counter =    25==============v

[IF ]: Instruction [00862803]@[00001064]: lw	x16, 8(x12)
[FWD]: Resolving MEM hazard on RS1: x12
[ID ]: Instruction [00462783]@[00001060]: lw	x15, 4(x12)
[EX ]: Instruction [00062703]@[00000000]: lw	x14, 0(x12)
[MEM ]: Instruction [00d186b3]@[00000000]: add	x13, x3, x13
[WB ]: Instruction [00d10633]@[00000000]: add	x12, x2, x13
r 0=00000000 r 1=00000000 r 2=00000000 r 3=00000000 
r 4=00000000 r 5=00000000 r 6=00000000 r 7=00000000 
r 8=00000000 r 9=00000000 r10=00000000 r11=00000000 
r12=00000000 r13=00000000 r14=00000000 r15=00000000 
r16=00000000 r17=00000000 r18=00000000 r19=00000000 
r20=00000000 r21=00000000 r22=00000000 r23=00000000 
r24=00000000 r25=00000000 r26=00000000 r27=00000000 
r28=00000000 r29=00000000 r30=00000000 r31=00000000 

v==============Cycle Counter =    26==============v

[IF ]: Instruction [0006a883]@[00001068]: lw	x17, 0(x13)
[ID ]: Instruction [00862803]@[00001064]: lw	x16, 8(x12)
[EX ]: Instruction [00462783]@[00000000]: lw	x15, 4(x12)
[MEM ]: Instruction [00062703]@[00000000]: lw	x14, 0(x12)
[WB ]: Instruction [00d186b3]@[00000000]: add	x13, x3, x13
r 0=00000000 r 1=00000000 r 2=00000000 r 3=00000000 
r 4=00000000 r 5=00000000 r 6=00000000 r 7=00000000 
r 8=00000000 r 9=00000000 r10=00000000 r11=00000000 
r12=00000000 r13=00000000 r14=00000000 r15=00000000 
r16=00000000 r17=00000000 r18=00000000 r19=00000000 
r20=00000000 r21=00000000 r22=00000000 r23=00000000 
r24=00000000 r25=00000000 r26=00000000 r27=00000000 
r28=00000000 r29=00000000 r30=00000000 r31=00000000 

v==============Cycle Counter =    27==============v

[IF ]: Instruction [0046a903]@[0000106c]: lw	x18, 4(x13)
[ID ]: Instruction [0006a883]@[00001068]: lw	x17, 0(x13)
[EX ]: Instruction [00862803]@[00000000]: lw	x16, 8(x12)
[MEM ]: Instruction [00462783]@[00000000]: lw	x15, 4(x12)
[WB ]: Instruction [00062703]@[00000000]: lw	x14, 0(x12)
r 0=00000000 r 1=00000000 r 2=00000000 r 3=00000000 
r 4=00000000 r 5=00000000 r 6=00000000 r 7=00000000 
r 8=00000000 r 9=00000000 r10=00000000 r11=00000000 
r12=00000000 r13=00000000 r14=00000000 r15=00000000 
r16=00000000 r17=00000000 r18=00000000 r19=00000000 
r20=00000000 r21=00000000 r22=00000000 r23=00000000 
r24=00000000 r25=00000000 r26=00000000 r27=00000000 
r28=00000000 r29=00000000 r30=00000000 r31=00000000 

v==============Cycle Counter =    28==============v

[IF ]: Instruction [0086a983]@[00001070]: lw	x19, 8(x13)
[ID ]: Instruction [0046a903]@[0000106c]: lw	x18, 4(x13)
[EX ]: Instruction [0006a883]@[00000000]: lw	x17, 0(x13)
[MEM ]: Instruction [00862803]@[00000000]: lw	x16, 8(x12)
[WB ]: Instruction [00462783]@[00000000]: lw	x15, 4(x12)
r 0=00000000 r 1=00000000 r 2=00000000 r 3=00000000 
r 4=00000000 r 5=00000000 r 6=00000000 r 7=00000000 
r 8=00000000 r 9=00000000 r10=00000000 r11=00000000 
r12=00000000 r13=00000000 r14=00000000 r15=00000000 
r16=00000000 r17=00000000 r18=00000000 r19=00000000 
r20=00000000 r21=00000000 r22=00000000 r23=00000000 
r24=00000000 r25=00000000 r26=00000000 r27=00000000 
r28=00000000 r29=00000000 r30=00000000 r31=00000000 

v==============Cycle Counter =    29==============v

[IF ]: Instruction [00048593]@[00001074]: addi	x11, x9, 0
[ID ]: Instruction [0086a983]@[00001070]: lw	x19, 8(x13)
[EX ]: Instruction [0046a903]@[00000000]: lw	x18, 4(x13)
[MEM ]: Instruction [0006a883]@[00000000]: lw	x17, 0(x13)
[WB ]: Instruction [00862803]@[00000000]: lw	x16, 8(x12)
r 0=00000000 r 1=00000000 r 2=00000000 r 3=00000000 
r 4=00000000 r 5=00000000 r 6=00000000 r 7=00000000 
r 8=00000000 r 9=00000000 r10=00000000 r11=00000000 
r12=00000000 r13=00000000 r14=00000000 r15=00000000 
r16=00000000 r17=00000000 r18=00000000 r19=00000000 
r20=00000000 r21=00000000 r22=00000000 r23=00000000 
r24=00000000 r25=00000000 r26=00000000 r27=00000000 
r28=00000000 r29=00000000 r30=00000000 r31=00000000 

v==============Cycle Counter =    30==============v

[IF ]: Instruction [00148a33]@[00001078]: add	x20, x9, x1
[ID ]: Instruction [00048593]@[00001074]: addi	x11, x9, 0
[EX ]: Instruction [0086a983]@[00000000]: lw	x19, 8(x13)
[MEM ]: Instruction [0046a903]@[00000000]: lw	x18, 4(x13)
[WB ]: Instruction [0006a883]@[00000000]: lw	x17, 0(x13)
r 0=00000000 r 1=00000000 r 2=00000000 r 3=00000000 
r 4=00000000 r 5=00000000 r 6=00000000 r 7=00000000 
r 8=00000000 r 9=00000000 r10=00000000 r11=00000000 
r12=00000000 r13=00000000 r14=00000000 r15=00000000 
r16=00000000 r17=00000000 r18=00000000 r19=00000000 
r20=00000000 r21=00000000 r22=00000000 r23=00000000 
r24=00000000 r25=00000000 r26=00000000 r27=00000000 
r28=00000000 r29=00000000 r30=00000000 r31=00000000 

v==============Cycle Counter =    31==============v

[IF ]: Instruction [07458463]@[0000107c]: beq	x11, x20, 104
[ID ]: Instruction [00148a33]@[00001078]: add	x20, x9, x1
[EX ]: Instruction [00048593]@[00000000]: addi	x11, x9, 0
[MEM ]: Instruction [0086a983]@[00000000]: lw	x19, 8(x13)
[WB ]: Instruction [0046a903]@[00000000]: lw	x18, 4(x13)
r 0=00000000 r 1=00000000 r 2=00000000 r 3=00000000 
r 4=00000000 r 5=00000000 r 6=00000000 r 7=00000000 
r 8=00000000 r 9=00000000 r10=00000000 r11=00000000 
r12=00000000 r13=00000000 r14=00000000 r15=00000000 
r16=00000000 r17=00000000 r18=00000000 r19=00000000 
r20=00000000 r21=00000000 r22=00000000 r23=00000000 
r24=00000000 r25=00000000 r26=00000000 r27=00000000 
r28=00000000 r29=00000000 r30=00000000 r31=00000000 

v==============Cycle Counter =    32==============v

[IF ]: Instruction [04b50e63]@[00001080]: beq	x10, x11, 92
[ID ]: Instruction [07458463]@[0000107c]: beq	x11, x20, 104
[EX ]: Instruction [00148a33]@[00000000]: add	x20, x9, x1
[MEM ]: Instruction [00048593]@[00000000]: addi	x11, x9, 0
[WB ]: Instruction [0086a983]@[00000000]: lw	x19, 8(x13)
r 0=00000000 r 1=00000000 r 2=00000000 r 3=00000000 
r 4=00000000 r 5=00000000 r 6=00000000 r 7=00000000 
r 8=00000000 r 9=00000000 r10=00000000 r11=00000000 
r12=00000000 r13=00000000 r14=00000000 r15=00000000 
r16=00000000 r17=00000000 r18=00000000 r19=00000000 
r20=00000000 r21=00000000 r22=00000000 r23=00000000 
r24=00000000 r25=00000000 r26=00000000 r27=00000000 
r28=00000000 r29=00000000 r30=00000000 r31=00000000 

v==============Cycle Counter =    33==============v

[IF ]: Instruction [00259a93]@[00001084]: slli	x21, x11, 2
[FWD]: Resolving EX hazard on RS2: x20
[FWD]: Resolving MEM hazard on RS1: x11
[ID ]: Instruction [04b50e63]@[00001080]: beq	x10, x11, 92
[EX ]: Instruction [07458463]@[00000000]: beq	x11, x20, 104
[MEM ]: Instruction [00148a33]@[00000000]: add	x20, x9, x1
[WB ]: Instruction [00048593]@[00000000]: addi	x11, x9, 0
r 0=00000000 r 1=00000000 r 2=00000000 r 3=00000000 
r 4=00000000 r 5=00000000 r 6=00000000 r 7=00000000 
r 8=00000000 r 9=00000000 r10=00000000 r11=00000000 
r12=00000000 r13=00000000 r14=00000000 r15=00000000 
r16=00000000 r17=00000000 r18=00000000 r19=00000000 
r20=00000000 r21=00000000 r22=00000000 r23=00000000 
r24=00000000 r25=00000000 r26=00000000 r27=00000000 
r28=00000000 r29=00000000 r30=00000000 r31=00000000 

v==============Cycle Counter =    34==============v

[IF ]: Instruction [001a9b13]@[00001088]: slli	x22, x21, 1
[ID ]: Instruction [00259a93]@[00001084]: slli	x21, x11, 2
[EX ]: Instruction [04b50e63]@[00000000]: beq	x10, x11, 92
[MEM ]: Instruction [07458463]@[00000000]: beq	x11, x20, 104
[WB ]: Instruction [00148a33]@[00000000]: add	x20, x9, x1
r 0=00000000 r 1=00000000 r 2=00000000 r 3=00000000 
r 4=00000000 r 5=00000000 r 6=00000000 r 7=00000000 
r 8=00000000 r 9=00000000 r10=00000000 r11=00000000 
r12=00000000 r13=00000000 r14=00000000 r15=00000000 
r16=00000000 r17=00000000 r18=00000000 r19=00000000 
r20=00000000 r21=00000000 r22=00000000 r23=00000000 
r24=00000000 r25=00000000 r26=00000000 r27=00000000 
r28=00000000 r29=00000000 r30=00000000 r31=00000000 

v==============Cycle Counter =    35==============v

[IF ]: Instruction [015b0b33]@[0000108c]: add	x22, x22, x21
[ID ]: Instruction [001a9b13]@[00001088]: slli	x22, x21, 1
[EX ]: Instruction [00259a93]@[00000000]: slli	x21, x11, 2
[MEM ]: Instruction [04b50e63]@[00000000]: beq	x10, x11, 92
[WB ]: Instruction [07458463]@[00000000]: beq	x11, x20, 104
r 0=00000000 r 1=00000000 r 2=00000000 r 3=00000000 
r 4=00000000 r 5=00000000 r 6=00000000 r 7=00000000 
r 8=00000000 r 9=00000000 r10=00000000 r11=00000000 
r12=00000000 r13=00000000 r14=00000000 r15=00000000 
r16=00000000 r17=00000000 r18=00000000 r19=00000000 
r20=00000000 r21=00000000 r22=00000000 r23=00000000 
r24=00000000 r25=00000000 r26=00000000 r27=00000000 
r28=00000000 r29=00000000 r30=00000000 r31=00000000 

v==============Cycle Counter =    36==============v

[IF ]: Instruction [01618ab3]@[00001090]: add	x21, x3, x22
[FWD]: Resolving EX hazard on RS1: x21
[ID ]: Instruction [015b0b33]@[0000108c]: add	x22, x22, x21
[EX ]: Instruction [001a9b13]@[00000000]: slli	x22, x21, 1
[MEM ]: Instruction [00259a93]@[00000000]: slli	x21, x11, 2
[WB ]: Instruction [04b50e63]@[00000000]: beq	x10, x11, 92
r 0=00000000 r 1=00000000 r 2=00000000 r 3=00000000 
r 4=00000000 r 5=00000000 r 6=00000000 r 7=00000000 
r 8=00000000 r 9=00000000 r10=00000000 r11=00000000 
r12=00000000 r13=00000000 r14=00000000 r15=00000000 
r16=00000000 r17=00000000 r18=00000000 r19=00000000 
r20=00000000 r21=00000000 r22=00000000 r23=00000000 
r24=00000000 r25=00000000 r26=00000000 r27=00000000 
r28=00000000 r29=00000000 r30=00000000 r31=00000000 

v==============Cycle Counter =    37==============v

[IF ]: Instruction [000aab03]@[00001094]: lw	x22, 0(x21)
[FWD]: Resolving EX hazard on RS1: x22
[FWD]: Resolving MEM hazard on RS2: x21
[ID ]: Instruction [01618ab3]@[00001090]: add	x21, x3, x22
[EX ]: Instruction [015b0b33]@[00000000]: add	x22, x22, x21
[MEM ]: Instruction [001a9b13]@[00000000]: slli	x22, x21, 1
[WB ]: Instruction [00259a93]@[00000000]: slli	x21, x11, 2
r 0=00000000 r 1=00000000 r 2=00000000 r 3=00000000 
r 4=00000000 r 5=00000000 r 6=00000000 r 7=00000000 
r 8=00000000 r 9=00000000 r10=00000000 r11=00000000 
r12=00000000 r13=00000000 r14=00000000 r15=00000000 
r16=00000000 r17=00000000 r18=00000000 r19=00000000 
r20=00000000 r21=00000000 r22=00000000 r23=00000000 
r24=00000000 r25=00000000 r26=00000000 r27=00000000 
r28=00000000 r29=00000000 r30=00000000 r31=00000000 

v==============Cycle Counter =    38==============v

[IF ]: Instruction [411b0b33]@[00001098]: sub	x22, x22, x17
[FWD]: Resolving EX hazard on RS2: x22
[ID ]: Instruction [000aab03]@[00001094]: lw	x22, 0(x21)
[EX ]: Instruction [01618ab3]@[00000000]: add	x21, x3, x22
[MEM ]: Instruction [015b0b33]@[00000000]: add	x22, x22, x21
[WB ]: Instruction [001a9b13]@[00000000]: slli	x22, x21, 1
r 0=00000000 r 1=00000000 r 2=00000000 r 3=00000000 
r 4=00000000 r 5=00000000 r 6=00000000 r 7=00000000 
r 8=00000000 r 9=00000000 r10=00000000 r11=00000000 
r12=00000000 r13=00000000 r14=00000000 r15=00000000 
r16=00000000 r17=00000000 r18=00000000 r19=00000000 
r20=00000000 r21=00000000 r22=00000000 r23=00000000 
r24=00000000 r25=00000000 r26=00000000 r27=00000000 
r28=00000000 r29=00000000 r30=00000000 r31=00000000 

v==============Cycle Counter =    39==============v

[IF ]: Instruction [004aab83]@[0000109c]: lw	x23, 4(x21)
[FWD]: Resolving EX hazard on RS1: x21
[ID ]: Instruction [411b0b33]@[00001098]: sub	x22, x22, x17
[EX ]: Instruction [000aab03]@[00000000]: lw	x22, 0(x21)
[MEM ]: Instruction [01618ab3]@[00000000]: add	x21, x3, x22
[WB ]: Instruction [015b0b33]@[00000000]: add	x22, x22, x21
r 0=00000000 r 1=00000000 r 2=00000000 r 3=00000000 
r 4=00000000 r 5=00000000 r 6=00000000 r 7=00000000 
r 8=00000000 r 9=00000000 r10=00000000 r11=00000000 
r12=00000000 r13=00000000 r14=00000000 r15=00000000 
r16=00000000 r17=00000000 r18=00000000 r19=00000000 
r20=00000000 r21=00000000 r22=00000000 r23=00000000 
r24=00000000 r25=00000000 r26=00000000 r27=00000000 
r28=00000000 r29=00000000 r30=00000000 r31=00000000 

v==============Cycle Counter =    40==============v

[IF ]: Instruction [412b8bb3]@[000010a0]: sub	x23, x23, x18
[ID ]: Instruction [004aab83]@[0000109c]: lw	x23, 4(x21)
[EX ]: Instruction [411b0b33]@[00000000]: sub	x22, x22, x17
[MEM ]: Instruction [000aab03]@[00000000]: lw	x22, 0(x21)
[WB ]: Instruction [01618ab3]@[00000000]: add	x21, x3, x22
r 0=00000000 r 1=00000000 r 2=00000000 r 3=00000000 
r 4=00000000 r 5=00000000 r 6=00000000 r 7=00000000 
r 8=00000000 r 9=00000000 r10=00000000 r11=00000000 
r12=00000000 r13=00000000 r14=00000000 r15=00000000 
r16=00000000 r17=00000000 r18=00000000 r19=00000000 
r20=00000000 r21=00000000 r22=00000000 r23=00000000 
r24=00000000 r25=00000000 r26=00000000 r27=00000000 
r28=00000000 r29=00000000 r30=00000000 r31=00000000 

v==============Cycle Counter =    41==============v

[IF ]: Instruction [008aac03]@[000010a4]: lw	x24, 8(x21)
[ID ]: Instruction [412b8bb3]@[000010a0]: sub	x23, x23, x18
[EX ]: Instruction [004aab83]@[00000000]: lw	x23, 4(x21)
[MEM ]: Instruction [411b0b33]@[00000000]: sub	x22, x22, x17
[WB ]: Instruction [000aab03]@[00000000]: lw	x22, 0(x21)
r 0=00000000 r 1=00000000 r 2=00000000 r 3=00000000 
r 4=00000000 r 5=00000000 r 6=00000000 r 7=00000000 
r 8=00000000 r 9=00000000 r10=00000000 r11=00000000 
r12=00000000 r13=00000000 r14=00000000 r15=00000000 
r16=00000000 r17=00000000 r18=00000000 r19=00000000 
r20=00000000 r21=00000000 r22=00000000 r23=00000000 
r24=00000000 r25=00000000 r26=00000000 r27=00000000 
r28=00000000 r29=00000000 r30=00000000 r31=00000000 

v==============Cycle Counter =    42==============v

[IF ]: Instruction [413c0c33]@[000010a8]: sub	x24, x24, x19
[ID ]: Instruction [008aac03]@[000010a4]: lw	x24, 8(x21)
[EX ]: Instruction [412b8bb3]@[00000000]: sub	x23, x23, x18
[MEM ]: Instruction [004aab83]@[00000000]: lw	x23, 4(x21)
[WB ]: Instruction [411b0b33]@[00000000]: sub	x22, x22, x17
r 0=00000000 r 1=00000000 r 2=00000000 r 3=00000000 
r 4=00000000 r 5=00000000 r 6=00000000 r 7=00000000 
r 8=00000000 r 9=00000000 r10=00000000 r11=00000000 
r12=00000000 r13=00000000 r14=00000000 r15=00000000 
r16=00000000 r17=00000000 r18=00000000 r19=00000000 
r20=00000000 r21=00000000 r22=00000000 r23=00000000 
r24=00000000 r25=00000000 r26=00000000 r27=00000000 
r28=00000000 r29=00000000 r30=00000000 r31=00000000 

v==============Cycle Counter =    43==============v

[IF ]: Instruction [03878cb3]@[000010ac]: mul	x25, x15, x24
[ID ]: Instruction [413c0c33]@[000010a8]: sub	x24, x24, x19
[EX ]: Instruction [008aac03]@[00000000]: lw	x24, 8(x21)
[MEM ]: Instruction [412b8bb3]@[00000000]: sub	x23, x23, x18
[WB ]: Instruction [004aab83]@[00000000]: lw	x23, 4(x21)
r 0=00000000 r 1=00000000 r 2=00000000 r 3=00000000 
r 4=00000000 r 5=00000000 r 6=00000000 r 7=00000000 
r 8=00000000 r 9=00000000 r10=00000000 r11=00000000 
r12=00000000 r13=00000000 r14=00000000 r15=00000000 
r16=00000000 r17=00000000 r18=00000000 r19=00000000 
r20=00000000 r21=00000000 r22=00000000 r23=00000000 
r24=00000000 r25=00000000 r26=00000000 r27=00000000 
r28=00000000 r29=00000000 r30=00000000 r31=00000000 

v==============Cycle Counter =    44==============v

[IF ]: Instruction [03780d33]@[000010b0]: mul	x26, x16, x23
[ID ]: Instruction [03878cb3]@[000010ac]: mul	x25, x15, x24
[EX ]: Instruction [413c0c33]@[00000000]: sub	x24, x24, x19
[MEM ]: Instruction [008aac03]@[00000000]: lw	x24, 8(x21)
[WB ]: Instruction [412b8bb3]@[00000000]: sub	x23, x23, x18
r 0=00000000 r 1=00000000 r 2=00000000 r 3=00000000 
r 4=00000000 r 5=00000000 r 6=00000000 r 7=00000000 
r 8=00000000 r 9=00000000 r10=00000000 r11=00000000 
r12=00000000 r13=00000000 r14=00000000 r15=00000000 
r16=00000000 r17=00000000 r18=00000000 r19=00000000 
r20=00000000 r21=00000000 r22=00000000 r23=00000000 
r24=00000000 r25=00000000 r26=00000000 r27=00000000 
r28=00000000 r29=00000000 r30=00000000 r31=00000000 

v==============Cycle Counter =    45==============v

[IF ]: Instruction [41ac8db3]@[000010b4]: sub	x27, x25, x26
[FWD]: Resolving EX hazard on RS2: x24
[ID ]: Instruction [03780d33]@[000010b0]: mul	x26, x16, x23
[EX ]: Instruction [03878cb3]@[00000000]: mul	x25, x15, x24
[MEM ]: Instruction [413c0c33]@[00000000]: sub	x24, x24, x19
[WB ]: Instruction [008aac03]@[00000000]: lw	x24, 8(x21)
r 0=00000000 r 1=00000000 r 2=00000000 r 3=00000000 
r 4=00000000 r 5=00000000 r 6=00000000 r 7=00000000 
r 8=00000000 r 9=00000000 r10=00000000 r11=00000000 
r12=00000000 r13=00000000 r14=00000000 r15=00000000 
r16=00000000 r17=00000000 r18=00000000 r19=00000000 
r20=00000000 r21=00000000 r22=00000000 r23=00000000 
r24=00000000 r25=00000000 r26=00000000 r27=00000000 
r28=00000000 r29=00000000 r30=00000000 r31=00000000 

v==============Cycle Counter =    46==============v

[IF ]: Instruction [03680cb3]@[000010b8]: mul	x25, x16, x22
[ID ]: Instruction [41ac8db3]@[000010b4]: sub	x27, x25, x26
[EX ]: Instruction [03780d33]@[00000000]: mul	x26, x16, x23
[MEM ]: Instruction [03878cb3]@[00000000]: mul	x25, x15, x24
[WB ]: Instruction [413c0c33]@[00000000]: sub	x24, x24, x19
r 0=00000000 r 1=00000000 r 2=00000000 r 3=00000000 
r 4=00000000 r 5=00000000 r 6=00000000 r 7=00000000 
r 8=00000000 r 9=00000000 r10=00000000 r11=00000000 
r12=00000000 r13=00000000 r14=00000000 r15=00000000 
r16=00000000 r17=00000000 r18=00000000 r19=00000000 
r20=00000000 r21=00000000 r22=00000000 r23=00000000 
r24=00000000 r25=00000000 r26=00000000 r27=00000000 
r28=00000000 r29=00000000 r30=00000000 r31=00000000 

v==============Cycle Counter =    47==============v

[IF ]: Instruction [03870d33]@[000010bc]: mul	x26, x14, x24
[FWD]: Resolving EX hazard on RS2: x26
[FWD]: Resolving MEM hazard on RS1: x25
[ID ]: Instruction [03680cb3]@[000010b8]: mul	x25, x16, x22
[EX ]: Instruction [41ac8db3]@[00000000]: sub	x27, x25, x26
[MEM ]: Instruction [03780d33]@[00000000]: mul	x26, x16, x23
[WB ]: Instruction [03878cb3]@[00000000]: mul	x25, x15, x24
r 0=00000000 r 1=00000000 r 2=00000000 r 3=00000000 
r 4=00000000 r 5=00000000 r 6=00000000 r 7=00000000 
r 8=00000000 r 9=00000000 r10=00000000 r11=00000000 
r12=00000000 r13=00000000 r14=00000000 r15=00000000 
r16=00000000 r17=00000000 r18=00000000 r19=00000000 
r20=00000000 r21=00000000 r22=00000000 r23=00000000 
r24=00000000 r25=00000000 r26=00000000 r27=00000000 
r28=00000000 r29=00000000 r30=00000000 r31=00000000 

v==============Cycle Counter =    48==============v

[IF ]: Instruction [41ac8e33]@[000010c0]: sub	x28, x25, x26
[ID ]: Instruction [03870d33]@[000010bc]: mul	x26, x14, x24
[EX ]: Instruction [03680cb3]@[00000000]: mul	x25, x16, x22
[MEM ]: Instruction [41ac8db3]@[00000000]: sub	x27, x25, x26
[WB ]: Instruction [03780d33]@[00000000]: mul	x26, x16, x23
r 0=00000000 r 1=00000000 r 2=00000000 r 3=00000000 
r 4=00000000 r 5=00000000 r 6=00000000 r 7=00000000 
r 8=00000000 r 9=00000000 r10=00000000 r11=00000000 
r12=00000000 r13=00000000 r14=00000000 r15=00000000 
r16=00000000 r17=00000000 r18=00000000 r19=00000000 
r20=00000000 r21=00000000 r22=00000000 r23=00000000 
r24=00000000 r25=00000000 r26=00000000 r27=00000000 
r28=00000000 r29=00000000 r30=00000000 r31=00000000 

v==============Cycle Counter =    49==============v

[IF ]: Instruction [03770cb3]@[000010c4]: mul	x25, x14, x23
[ID ]: Instruction [41ac8e33]@[000010c0]: sub	x28, x25, x26
[EX ]: Instruction [03870d33]@[00000000]: mul	x26, x14, x24
[MEM ]: Instruction [03680cb3]@[00000000]: mul	x25, x16, x22
[WB ]: Instruction [41ac8db3]@[00000000]: sub	x27, x25, x26
r 0=00000000 r 1=00000000 r 2=00000000 r 3=00000000 
r 4=00000000 r 5=00000000 r 6=00000000 r 7=00000000 
r 8=00000000 r 9=00000000 r10=00000000 r11=00000000 
r12=00000000 r13=00000000 r14=00000000 r15=00000000 
r16=00000000 r17=00000000 r18=00000000 r19=00000000 
r20=00000000 r21=00000000 r22=00000000 r23=00000000 
r24=00000000 r25=00000000 r26=00000000 r27=00000000 
r28=00000000 r29=00000000 r30=00000000 r31=00000000 

v==============Cycle Counter =    50==============v

[IF ]: Instruction [03678d33]@[000010c8]: mul	x26, x15, x22
[FWD]: Resolving EX hazard on RS2: x26
[FWD]: Resolving MEM hazard on RS1: x25
[ID ]: Instruction [03770cb3]@[000010c4]: mul	x25, x14, x23
[EX ]: Instruction [41ac8e33]@[00000000]: sub	x28, x25, x26
[MEM ]: Instruction [03870d33]@[00000000]: mul	x26, x14, x24
[WB ]: Instruction [03680cb3]@[00000000]: mul	x25, x16, x22
r 0=00000000 r 1=00000000 r 2=00000000 r 3=00000000 
r 4=00000000 r 5=00000000 r 6=00000000 r 7=00000000 
r 8=00000000 r 9=00000000 r10=00000000 r11=00000000 
r12=00000000 r13=00000000 r14=00000000 r15=00000000 
r16=00000000 r17=00000000 r18=00000000 r19=00000000 
r20=00000000 r21=00000000 r22=00000000 r23=00000000 
r24=00000000 r25=00000000 r26=00000000 r27=00000000 
r28=00000000 r29=00000000 r30=00000000 r31=00000000 

v==============Cycle Counter =    51==============v

[IF ]: Instruction [41ac8eb3]@[000010cc]: sub	x29, x25, x26
[ID ]: Instruction [03678d33]@[000010c8]: mul	x26, x15, x22
[EX ]: Instruction [03770cb3]@[00000000]: mul	x25, x14, x23
[MEM ]: Instruction [41ac8e33]@[00000000]: sub	x28, x25, x26
[WB ]: Instruction [03870d33]@[00000000]: mul	x26, x14, x24
r 0=00000000 r 1=00000000 r 2=00000000 r 3=00000000 
r 4=00000000 r 5=00000000 r 6=00000000 r 7=00000000 
r 8=00000000 r 9=00000000 r10=00000000 r11=00000000 
r12=00000000 r13=00000000 r14=00000000 r15=00000000 
r16=00000000 r17=00000000 r18=00000000 r19=00000000 
r20=00000000 r21=00000000 r22=00000000 r23=00000000 
r24=00000000 r25=00000000 r26=00000000 r27=00000000 
r28=00000000 r29=00000000 r30=00000000 r31=00000000 

v==============Cycle Counter =    52==============v

[IF ]: Instruction [01b30333]@[000010d0]: add	x6, x6, x27
[ID ]: Instruction [41ac8eb3]@[000010cc]: sub	x29, x25, x26
[EX ]: Instruction [03678d33]@[00000000]: mul	x26, x15, x22
[MEM ]: Instruction [03770cb3]@[00000000]: mul	x25, x14, x23
[WB ]: Instruction [41ac8e33]@[00000000]: sub	x28, x25, x26
r 0=00000000 r 1=00000000 r 2=00000000 r 3=00000000 
r 4=00000000 r 5=00000000 r 6=00000000 r 7=00000000 
r 8=00000000 r 9=00000000 r10=00000000 r11=00000000 
r12=00000000 r13=00000000 r14=00000000 r15=00000000 
r16=00000000 r17=00000000 r18=00000000 r19=00000000 
r20=00000000 r21=00000000 r22=00000000 r23=00000000 
r24=00000000 r25=00000000 r26=00000000 r27=00000000 
r28=00000000 r29=00000000 r30=00000000 r31=00000000 

v==============Cycle Counter =    53==============v

[IF ]: Instruction [01c383b3]@[000010d4]: add	x7, x7, x28
[FWD]: Resolving EX hazard on RS2: x26
[FWD]: Resolving MEM hazard on RS1: x25
[ID ]: Instruction [01b30333]@[000010d0]: add	x6, x6, x27
[EX ]: Instruction [41ac8eb3]@[00000000]: sub	x29, x25, x26
[MEM ]: Instruction [03678d33]@[00000000]: mul	x26, x15, x22
[WB ]: Instruction [03770cb3]@[00000000]: mul	x25, x14, x23
r 0=00000000 r 1=00000000 r 2=00000000 r 3=00000000 
r 4=00000000 r 5=00000000 r 6=00000000 r 7=00000000 
r 8=00000000 r 9=00000000 r10=00000000 r11=00000000 
r12=00000000 r13=00000000 r14=00000000 r15=00000000 
r16=00000000 r17=00000000 r18=00000000 r19=00000000 
r20=00000000 r21=00000000 r22=00000000 r23=00000000 
r24=00000000 r25=00000000 r26=00000000 r27=00000000 
r28=00000000 r29=00000000 r30=00000000 r31=00000000 

v==============Cycle Counter =    54==============v

[IF ]: Instruction [01d40433]@[000010d8]: add	x8, x8, x29
[ID ]: Instruction [01c383b3]@[000010d4]: add	x7, x7, x28
[EX ]: Instruction [01b30333]@[00000000]: add	x6, x6, x27
[MEM ]: Instruction [41ac8eb3]@[00000000]: sub	x29, x25, x26
[WB ]: Instruction [03678d33]@[00000000]: mul	x26, x15, x22
r 0=00000000 r 1=00000000 r 2=00000000 r 3=00000000 
r 4=00000000 r 5=00000000 r 6=00000000 r 7=00000000 
r 8=00000000 r 9=00000000 r10=00000000 r11=00000000 
r12=00000000 r13=00000000 r14=00000000 r15=00000000 
r16=00000000 r17=00000000 r18=00000000 r19=00000000 
r20=00000000 r21=00000000 r22=00000000 r23=00000000 
r24=00000000 r25=00000000 r26=00000000 r27=00000000 
r28=00000000 r29=00000000 r30=00000000 r31=00000000 

v==============Cycle Counter =    55==============v

[IF ]: Instruction [00158593]@[000010dc]: addi	x11, x11, 1
[ID ]: Instruction [01d40433]@[000010d8]: add	x8, x8, x29
[EX ]: Instruction [01c383b3]@[00000000]: add	x7, x7, x28
[MEM ]: Instruction [01b30333]@[00000000]: add	x6, x6, x27
[WB ]: Instruction [41ac8eb3]@[00000000]: sub	x29, x25, x26
r 0=00000000 r 1=00000000 r 2=00000000 r 3=00000000 
r 4=00000000 r 5=00000000 r 6=00000000 r 7=00000000 
r 8=00000000 r 9=00000000 r10=00000000 r11=00000000 
r12=00000000 r13=00000000 r14=00000000 r15=00000000 
r16=00000000 r17=00000000 r18=00000000 r19=00000000 
r20=00000000 r21=00000000 r22=00000000 r23=00000000 
r24=00000000 r25=00000000 r26=00000000 r27=00000000 
r28=00000000 r29=00000000 r30=00000000 r31=00000000 

v==============Cycle Counter =    56==============v

[IF ]: Instruction [f9dff06f]@[000010e0]: jal	x0, -100
[ID ]: Instruction [00158593]@[000010dc]: addi	x11, x11, 1
[EX ]: Instruction [01d40433]@[00000000]: add	x8, x8, x29
[MEM ]: Instruction [01c383b3]@[00000000]: add	x7, x7, x28
[WB ]: Instruction [01b30333]@[00000000]: add	x6, x6, x27
r 0=00000000 r 1=00000000 r 2=00000000 r 3=00000000 
r 4=00000000 r 5=00000000 r 6=00000000 r 7=00000000 
r 8=00000000 r 9=00000000 r10=00000000 r11=00000000 
r12=00000000 r13=00000000 r14=00000000 r15=00000000 
r16=00000000 r17=00000000 r18=00000000 r19=00000000 
r20=00000000 r21=00000000 r22=00000000 r23=00000000 
r24=00000000 r25=00000000 r26=00000000 r27=00000000 
r28=00000000 r29=00000000 r30=00000000 r31=00000000 

v==============Cycle Counter =    57==============v

[IF ]: Instruction [00d10f33]@[000010e4]: add	x30, x2, x13
[ID ]: Instruction [f9dff06f]@[000010e0]: jal	x0, -100
[EX ]: Instruction [00158593]@[00000000]: addi	x11, x11, 1
[MEM ]: Instruction [01d40433]@[00000000]: add	x8, x8, x29
[WB ]: Instruction [01c383b3]@[00000000]: add	x7, x7, x28
r 0=00000000 r 1=00000000 r 2=00000000 r 3=00000000 
r 4=00000000 r 5=00000000 r 6=00000000 r 7=00000000 
r 8=00000000 r 9=00000000 r10=00000000 r11=00000000 
r12=00000000 r13=00000000 r14=00000000 r15=00000000 
r16=00000000 r17=00000000 r18=00000000 r19=00000000 
r20=00000000 r21=00000000 r22=00000000 r23=00000000 
r24=00000000 r25=00000000 r26=00000000 r27=00000000 
r28=00000000 r29=00000000 r30=00000000 r31=00000000 

v==============Cycle Counter =    58==============v

[IF ]: Instruction [000f2d83]@[000010e8]: lw	x27, 0(x30)
[ID ]: Instruction [00d10f33]@[000010e4]: add	x30, x2, x13
[EX ]: Instruction [f9dff06f]@[00000000]: jal	x0, -100
[MEM ]: Instruction [00158593]@[00000000]: addi	x11, x11, 1
[WB ]: Instruction [01d40433]@[00000000]: add	x8, x8, x29
r 0=00000000 r 1=00000000 r 2=00000000 r 3=00000000 
r 4=00000000 r 5=00000000 r 6=00000000 r 7=00000000 
r 8=00000000 r 9=00000000 r10=00000000 r11=00000000 
r12=00000000 r13=00000000 r14=00000000 r15=00000000 
r16=00000000 r17=00000000 r18=00000000 r19=00000000 
r20=00000000 r21=00000000 r22=00000000 r23=00000000 
r24=00000000 r25=00000000 r26=00000000 r27=00000000 
r28=00000000 r29=00000000 r30=00000000 r31=00000000 

v==============Cycle Counter =    59==============v

[IF ]: Instruction [01b30333]@[000010ec]: add	x6, x6, x27
[ID ]: Instruction [000f2d83]@[000010e8]: lw	x27, 0(x30)
[EX ]: Instruction [00d10f33]@[00000000]: add	x30, x2, x13
[MEM ]: Instruction [f9dff06f]@[00000000]: jal	x0, -100
[WB ]: Instruction [00158593]@[00000000]: addi	x11, x11, 1
r 0=00000000 r 1=00000000 r 2=00000000 r 3=00000000 
r 4=00000000 r 5=00000000 r 6=00000000 r 7=00000000 
r 8=00000000 r 9=00000000 r10=00000000 r11=00000000 
r12=00000000 r13=00000000 r14=00000000 r15=00000000 
r16=00000000 r17=00000000 r18=00000000 r19=00000000 
r20=00000000 r21=00000000 r22=00000000 r23=00000000 
r24=00000000 r25=00000000 r26=00000000 r27=00000000 
r28=00000000 r29=00000000 r30=00000000 r31=00000000 

v==============Cycle Counter =    60==============v

[IF ]: Instruction [006f2023]@[000010f0]: sw	x6, 0(x30)
[FWD]: Resolving EX hazard on RS1: x30
[ID ]: Instruction [01b30333]@[000010ec]: add	x6, x6, x27
[EX ]: Instruction [000f2d83]@[00000000]: lw	x27, 0(x30)
[MEM ]: Instruction [00d10f33]@[00000000]: add	x30, x2, x13
[WB ]: Instruction [f9dff06f]@[00000000]: jal	x0, -100
r 0=00000000 r 1=00000000 r 2=00000000 r 3=00000000 
r 4=00000000 r 5=00000000 r 6=00000000 r 7=00000000 
r 8=00000000 r 9=00000000 r10=00000000 r11=00000000 
r12=00000000 r13=00000000 r14=00000000 r15=00000000 
r16=00000000 r17=00000000 r18=00000000 r19=00000000 
r20=00000000 r21=00000000 r22=00000000 r23=00000000 
r24=00000000 r25=00000000 r26=00000000 r27=00000000 
r28=00000000 r29=00000000 r30=00000000 r31=00000000 

v==============Cycle Counter =    61==============v

[IF ]: Instruction [004f2e03]@[000010f4]: lw	x28, 4(x30)
[ID ]: Instruction [006f2023]@[000010f0]: sw	x6, 0(x30)
[EX ]: Instruction [01b30333]@[00000000]: add	x6, x6, x27
[MEM ]: Instruction [000f2d83]@[00000000]: lw	x27, 0(x30)
[WB ]: Instruction [00d10f33]@[00000000]: add	x30, x2, x13
r 0=00000000 r 1=00000000 r 2=00000000 r 3=00000000 
r 4=00000000 r 5=00000000 r 6=00000000 r 7=00000000 
r 8=00000000 r 9=00000000 r10=00000000 r11=00000000 
r12=00000000 r13=00000000 r14=00000000 r15=00000000 
r16=00000000 r17=00000000 r18=00000000 r19=00000000 
r20=00000000 r21=00000000 r22=00000000 r23=00000000 
r24=00000000 r25=00000000 r26=00000000 r27=00000000 
r28=00000000 r29=00000000 r30=00000000 r31=00000000 

v==============Cycle Counter =    62==============v

[IF ]: Instruction [01c383b3]@[000010f8]: add	x7, x7, x28
[FWD]: Resolving EX hazard on RS2: x6
[ID ]: Instruction [004f2e03]@[000010f4]: lw	x28, 4(x30)
[EX ]: Instruction [006f2023]@[00000000]: sw	x6, 0(x30)
[MEM ]: Instruction [01b30333]@[00000000]: add	x6, x6, x27
[WB ]: Instruction [000f2d83]@[00000000]: lw	x27, 0(x30)
r 0=00000000 r 1=00000000 r 2=00000000 r 3=00000000 
r 4=00000000 r 5=00000000 r 6=00000000 r 7=00000000 
r 8=00000000 r 9=00000000 r10=00000000 r11=00000000 
r12=00000000 r13=00000000 r14=00000000 r15=00000000 
r16=00000000 r17=00000000 r18=00000000 r19=00000000 
r20=00000000 r21=00000000 r22=00000000 r23=00000000 
r24=00000000 r25=00000000 r26=00000000 r27=00000000 
r28=00000000 r29=00000000 r30=00000000 r31=00000000 

v==============Cycle Counter =    63==============v

[IF ]: Instruction [007f2223]@[000010fc]: sw	x7, 4(x30)
[ID ]: Instruction [01c383b3]@[000010f8]: add	x7, x7, x28
[EX ]: Instruction [004f2e03]@[00000000]: lw	x28, 4(x30)
[MEM ]: Instruction [006f2023]@[00000000]: sw	x6, 0(x30)
[WB ]: Instruction [01b30333]@[00000000]: add	x6, x6, x27
r 0=00000000 r 1=00000000 r 2=00000000 r 3=00000000 
r 4=00000000 r 5=00000000 r 6=00000000 r 7=00000000 
r 8=00000000 r 9=00000000 r10=00000000 r11=00000000 
r12=00000000 r13=00000000 r14=00000000 r15=00000000 
r16=00000000 r17=00000000 r18=00000000 r19=00000000 
r20=00000000 r21=00000000 r22=00000000 r23=00000000 
r24=00000000 r25=00000000 r26=00000000 r27=00000000 
r28=00000000 r29=00000000 r30=00000000 r31=00000000 

v==============Cycle Counter =    64==============v

[IF ]: Instruction [008f2e83]@[00001100]: lw	x29, 8(x30)
[ID ]: Instruction [007f2223]@[000010fc]: sw	x7, 4(x30)
[EX ]: Instruction [01c383b3]@[00000000]: add	x7, x7, x28
[MEM ]: Instruction [004f2e03]@[00000000]: lw	x28, 4(x30)
[WB ]: Instruction [006f2023]@[00000000]: sw	x6, 0(x30)
r 0=00000000 r 1=00000000 r 2=00000000 r 3=00000000 
r 4=00000000 r 5=00000000 r 6=00000000 r 7=00000000 
r 8=00000000 r 9=00000000 r10=00000000 r11=00000000 
r12=00000000 r13=00000000 r14=00000000 r15=00000000 
r16=00000000 r17=00000000 r18=00000000 r19=00000000 
r20=00000000 r21=00000000 r22=00000000 r23=00000000 
r24=00000000 r25=00000000 r26=00000000 r27=00000000 
r28=00000000 r29=00000000 r30=00000000 r31=00000000 

v==============Cycle Counter =    65==============v

[IF ]: Instruction [01d40433]@[00001104]: add	x8, x8, x29
[FWD]: Resolving EX hazard on RS2: x7
[ID ]: Instruction [008f2e83]@[00001100]: lw	x29, 8(x30)
[EX ]: Instruction [007f2223]@[00000000]: sw	x7, 4(x30)
[MEM ]: Instruction [01c383b3]@[00000000]: add	x7, x7, x28
[WB ]: Instruction [004f2e03]@[00000000]: lw	x28, 4(x30)
r 0=00000000 r 1=00000000 r 2=00000000 r 3=00000000 
r 4=00000000 r 5=00000000 r 6=00000000 r 7=00000000 
r 8=00000000 r 9=00000000 r10=00000000 r11=00000000 
r12=00000000 r13=00000000 r14=00000000 r15=00000000 
r16=00000000 r17=00000000 r18=00000000 r19=00000000 
r20=00000000 r21=00000000 r22=00000000 r23=00000000 
r24=00000000 r25=00000000 r26=00000000 r27=00000000 
r28=00000000 r29=00000000 r30=00000000 r31=00000000 

v==============Cycle Counter =    66==============v

[IF ]: Instruction [008f2423]@[00001108]: sw	x8, 8(x30)
[ID ]: Instruction [01d40433]@[00001104]: add	x8, x8, x29
[EX ]: Instruction [008f2e83]@[00000000]: lw	x29, 8(x30)
[MEM ]: Instruction [007f2223]@[00000000]: sw	x7, 4(x30)
[WB ]: Instruction [01c383b3]@[00000000]: add	x7, x7, x28
r 0=00000000 r 1=00000000 r 2=00000000 r 3=00000000 
r 4=00000000 r 5=00000000 r 6=00000000 r 7=00000000 
r 8=00000000 r 9=00000000 r10=00000000 r11=00000000 
r12=00000000 r13=00000000 r14=00000000 r15=00000000 
r16=00000000 r17=00000000 r18=00000000 r19=00000000 
r20=00000000 r21=00000000 r22=00000000 r23=00000000 
r24=00000000 r25=00000000 r26=00000000 r27=00000000 
r28=00000000 r29=00000000 r30=00000000 r31=00000000 

v==============Cycle Counter =    67==============v

[IF ]: Instruction [00150513]@[0000110c]: addi	x10, x10, 1
[ID ]: Instruction [008f2423]@[00001108]: sw	x8, 8(x30)
[EX ]: Instruction [01d40433]@[00000000]: add	x8, x8, x29
[MEM ]: Instruction [008f2e83]@[00000000]: lw	x29, 8(x30)
[WB ]: Instruction [007f2223]@[00000000]: sw	x7, 4(x30)
r 0=00000000 r 1=00000000 r 2=00000000 r 3=00000000 
r 4=00000000 r 5=00000000 r 6=00000000 r 7=00000000 
r 8=00000000 r 9=00000000 r10=00000000 r11=00000000 
r12=00000000 r13=00000000 r14=00000000 r15=00000000 
r16=00000000 r17=00000000 r18=00000000 r19=00000000 
r20=00000000 r21=00000000 r22=00000000 r23=00000000 
r24=00000000 r25=00000000 r26=00000000 r27=00000000 
r28=00000000 r29=00000000 r30=00000000 r31=00000000 

v==============Cycle Counter =    68==============v

[IF ]: Instruction [f29ff06f]@[00001110]: jal	x0, -216
[FWD]: Resolving EX hazard on RS2: x8
[ID ]: Instruction [00150513]@[0000110c]: addi	x10, x10, 1
[EX ]: Instruction [008f2423]@[00000000]: sw	x8, 8(x30)
[MEM ]: Instruction [01d40433]@[00000000]: add	x8, x8, x29
[WB ]: Instruction [008f2e83]@[00000000]: lw	x29, 8(x30)
r 0=00000000 r 1=00000000 r 2=00000000 r 3=00000000 
r 4=00000000 r 5=00000000 r 6=00000000 r 7=00000000 
r 8=00000000 r 9=00000000 r10=00000000 r11=00000000 
r12=00000000 r13=00000000 r14=00000000 r15=00000000 
r16=00000000 r17=00000000 r18=00000000 r19=00000000 
r20=00000000 r21=00000000 r22=00000000 r23=00000000 
r24=00000000 r25=00000000 r26=00000000 r27=00000000 
r28=00000000 r29=00000000 r30=00000000 r31=00000000 

v==============Cycle Counter =    69==============v

[IF ]: Instruction [001484b3]@[00001114]: add	x9, x9, x1
[ID ]: Instruction [f29ff06f]@[00001110]: jal	x0, -216
[EX ]: Instruction [00150513]@[00000000]: addi	x10, x10, 1
[MEM ]: Instruction [008f2423]@[00000000]: sw	x8, 8(x30)
[WB ]: Instruction [01d40433]@[00000000]: add	x8, x8, x29
r 0=00000000 r 1=00000000 r 2=00000000 r 3=00000000 
r 4=00000000 r 5=00000000 r 6=00000000 r 7=00000000 
r 8=00000000 r 9=00000000 r10=00000000 r11=00000000 
r12=00000000 r13=00000000 r14=00000000 r15=00000000 
r16=00000000 r17=00000000 r18=00000000 r19=00000000 
r20=00000000 r21=00000000 r22=00000000 r23=00000000 
r24=00000000 r25=00000000 r26=00000000 r27=00000000 
r28=00000000 r29=00000000 r30=00000000 r31=00000000 

v==============Cycle Counter =    70==============v

[IF ]: Instruction [f19ff06f]@[00001118]: jal	x0, -232
[ID ]: Instruction [001484b3]@[00001114]: add	x9, x9, x1
[EX ]: Instruction [f29ff06f]@[00000000]: jal	x0, -216
[MEM ]: Instruction [00150513]@[00000000]: addi	x10, x10, 1
[WB ]: Instruction [008f2423]@[00000000]: sw	x8, 8(x30)
r 0=00000000 r 1=00000000 r 2=00000000 r 3=00000000 
r 4=00000000 r 5=00000000 r 6=00000000 r 7=00000000 
r 8=00000000 r 9=00000000 r10=00000000 r11=00000000 
r12=00000000 r13=00000000 r14=00000000 r15=00000000 
r16=00000000 r17=00000000 r18=00000000 r19=00000000 
r20=00000000 r21=00000000 r22=00000000 r23=00000000 
r24=00000000 r25=00000000 r26=00000000 r27=00000000 
r28=00000000 r29=00000000 r30=00000000 r31=00000000 

v==============Cycle Counter =    71==============v

[IF ]: Instruction [00a00513]@[0000111c]: addi	x10, x0, 10
[ID ]: Instruction [f19ff06f]@[00001118]: jal	x0, -232
[EX ]: Instruction [001484b3]@[00000000]: add	x9, x9, x1
[MEM ]: Instruction [f29ff06f]@[00000000]: jal	x0, -216
[WB ]: Instruction [00150513]@[00000000]: addi	x10, x10, 1
r 0=00000000 r 1=00000000 r 2=00000000 r 3=00000000 
r 4=00000000 r 5=00000000 r 6=00000000 r 7=00000000 
r 8=00000000 r 9=00000000 r10=00000000 r11=00000000 
r12=00000000 r13=00000000 r14=00000000 r15=00000000 
r16=00000000 r17=00000000 r18=00000000 r19=00000000 
r20=00000000 r21=00000000 r22=00000000 r23=00000000 
r24=00000000 r25=00000000 r26=00000000 r27=00000000 
r28=00000000 r29=00000000 r30=00000000 r31=00000000 

v==============Cycle Counter =    72==============v

[IF ]: Instruction [00000073]@[00001120]: ecall
[ID ]: Instruction [00a00513]@[0000111c]: addi	x10, x0, 10
[EX ]: Instruction [f19ff06f]@[00000000]: jal	x0, -232
[MEM ]: Instruction [001484b3]@[00000000]: add	x9, x9, x1
[WB ]: Instruction [f29ff06f]@[00000000]: jal	x0, -216
r 0=00000000 r 1=00000000 r 2=00000000 r 3=00000000 
r 4=00000000 r 5=00000000 r 6=00000000 r 7=00000000 
r 8=00000000 r 9=00000000 r10=00000000 r11=00000000 
r12=00000000 r13=00000000 r14=00000000 r15=00000000 
r16=00000000 r17=00000000 r18=00000000 r19=00000000 
r20=00000000 r21=00000000 r22=00000000 r23=00000000 
r24=00000000 r25=00000000 r26=00000000 r27=00000000 
r28=00000000 r29=00000000 r30=00000000 r31=00000000 

v==============Cycle Counter =    73==============v

[IF ]: Instruction [00000013]@[00001124]: addi	x0, x0, 0
[ID ]: Instruction [00000073]@[00001120]: ecall
[EX ]: Instruction [00a00513]@[00000000]: addi	x10, x0, 10
[MEM ]: Instruction [f19ff06f]@[00000000]: jal	x0, -232
[WB ]: Instruction [001484b3]@[00000000]: add	x9, x9, x1
r 0=00000000 r 1=00000000 r 2=00000000 r 3=00000000 
r 4=00000000 r 5=00000000 r 6=00000000 r 7=00000000 
r 8=00000000 r 9=00000000 r10=00000000 r11=00000000 
r12=00000000 r13=00000000 r14=00000000 r15=00000000 
r16=00000000 r17=00000000 r18=00000000 r19=00000000 
r20=00000000 r21=00000000 r22=00000000 r23=00000000 
r24=00000000 r25=00000000 r26=00000000 r27=00000000 
r28=00000000 r29=00000000 r30=00000000 r31=00000000 

v==============Cycle Counter =    74==============v

[IF ]: Instruction [00000013]@[00001128]: addi	x0, x0, 0
[ID ]: Instruction [00000013]@[00001124]: addi	x0, x0, 0
[EX ]: Instruction [00000073]@[00000000]: ecall
[MEM ]: Instruction [00a00513]@[00000000]: addi	x10, x0, 10
[WB ]: Instruction [f19ff06f]@[00000000]: jal	x0, -232
r 0=00000000 r 1=00000000 r 2=00000000 r 3=00000000 
r 4=00000000 r 5=00000000 r 6=00000000 r 7=00000000 
r 8=00000000 r 9=00000000 r10=00000000 r11=00000000 
r12=00000000 r13=00000000 r14=00000000 r15=00000000 
r16=00000000 r17=00000000 r18=00000000 r19=00000000 
r20=00000000 r21=00000000 r22=00000000 r23=00000000 
r24=00000000 r25=00000000 r26=00000000 r27=00000000 
r28=00000000 r29=00000000 r30=00000000 r31=00000000 

v==============Cycle Counter =    75==============v

[IF ]: Instruction [00000013]@[0000112c]: addi	x0, x0, 0
[ID ]: Instruction [00000013]@[00001128]: addi	x0, x0, 0
[EX ]: Instruction [00000013]@[00000000]: addi	x0, x0, 0
[MEM ]: Instruction [00000073]@[00000000]: ecall
[WB ]: Instruction [00a00513]@[00000000]: addi	x10, x0, 10
r 0=00000000 r 1=00000000 r 2=00000000 r 3=00000000 
r 4=00000000 r 5=00000000 r 6=00000000 r 7=00000000 
r 8=00000000 r 9=00000000 r10=00000000 r11=00000000 
r12=00000000 r13=00000000 r14=00000000 r15=00000000 
r16=00000000 r17=00000000 r18=00000000 r19=00000000 
r20=00000000 r21=00000000 r22=00000000 r23=00000000 
r24=00000000 r25=00000000 r26=00000000 r27=00000000 
r28=00000000 r29=00000000 r30=00000000 r31=00000000 


========
[MAIN]: Flushing pipeline
========
v==============Cycle Counter =    76==============v

[IF ]: Instruction [00000013]@[00001130]: addi	x0, x0, 0
[ID ]: Instruction [00000013]@[0000112c]: addi	x0, x0, 0
[EX ]: Instruction [00000013]@[00000000]: addi	x0, x0, 0
[MEM ]: Instruction [00000013]@[00000000]: addi	x0, x0, 0
[WB ]: Instruction [00000073]@[00000000]: ecall
r 0=00000000 r 1=00000000 r 2=00000000 r 3=00000000 
r 4=00000000 r 5=00000000 r 6=00000000 r 7=00000000 
r 8=00000000 r 9=00000000 r10=00000000 r11=00000000 
r12=00000000 r13=00000000 r14=00000000 r15=00000000 
r16=00000000 r17=00000000 r18=00000000 r19=00000000 
r20=00000000 r21=00000000 r22=00000000 r23=00000000 
r24=00000000 r25=00000000 r26=00000000 r27=00000000 
r28=00000000 r29=00000000 r30=00000000 r31=00000000 

v==============Cycle Counter =    77==============v

[IF ]: Instruction [00000013]@[00001134]: addi	x0, x0, 0
[ID ]: Instruction [00000013]@[00001130]: addi	x0, x0, 0
[EX ]: Instruction [00000013]@[00000000]: addi	x0, x0, 0
[MEM ]: Instruction [00000013]@[00000000]: addi	x0, x0, 0
[WB ]: Instruction [00000013]@[00000000]: addi	x0, x0, 0
r 0=00000000 r 1=00000000 r 2=00000000 r 3=00000000 
r 4=00000000 r 5=00000000 r 6=00000000 r 7=00000000 
r 8=00000000 r 9=00000000 r10=00000000 r11=00000000 
r12=00000000 r13=00000000 r14=00000000 r15=00000000 
r16=00000000 r17=00000000 r18=00000000 r19=00000000 
r20=00000000 r21=00000000 r22=00000000 r23=00000000 
r24=00000000 r25=00000000 r26=00000000 r27=00000000 
r28=00000000 r29=00000000 r30=00000000 r31=00000000 

v==============Cycle Counter =    78==============v

[IF ]: Instruction [00000013]@[00001138]: addi	x0, x0, 0
[ID ]: Instruction [00000013]@[00001134]: addi	x0, x0, 0
[EX ]: Instruction [00000013]@[00000000]: addi	x0, x0, 0
[MEM ]: Instruction [00000013]@[00000000]: addi	x0, x0, 0
[WB ]: Instruction [00000013]@[00000000]: addi	x0, x0, 0
r 0=00000000 r 1=00000000 r 2=00000000 r 3=00000000 
r 4=00000000 r 5=00000000 r 6=00000000 r 7=00000000 
r 8=00000000 r 9=00000000 r10=00000000 r11=00000000 
r12=00000000 r13=00000000 r14=00000000 r15=00000000 
r16=00000000 r17=00000000 r18=00000000 r19=00000000 
r20=00000000 r21=00000000 r22=00000000 r23=00000000 
r24=00000000 r25=00000000 r26=00000000 r27=00000000 
r28=00000000 r29=00000000 r30=00000000 r31=00000000 

v==============Cycle Counter =    79==============v

[IF ]: Instruction [00000013]@[0000113c]: addi	x0, x0, 0
[ID ]: Instruction [00000013]@[00001138]: addi	x0, x0, 0
[EX ]: Instruction [00000013]@[00000000]: addi	x0, x0, 0
[MEM ]: Instruction [00000013]@[00000000]: addi	x0, x0, 0
[WB ]: Instruction [00000013]@[00000000]: addi	x0, x0, 0
r 0=00000000 r 1=00000000 r 2=00000000 r 3=00000000 
r 4=00000000 r 5=00000000 r 6=00000000 r 7=00000000 
r 8=00000000 r 9=00000000 r10=00000000 r11=00000000 
r12=00000000 r13=00000000 r14=00000000 r15=00000000 
r16=00000000 r17=00000000 r18=00000000 r19=00000000 
r20=00000000 r21=00000000 r22=00000000 r23=00000000 
r24=00000000 r25=00000000 r26=00000000 r27=00000000 
r28=00000000 r29=00000000 r30=00000000 r31=00000000 

v==============Cycle Counter =    80==============v

[IF ]: Instruction [00000013]@[00001140]: addi	x0, x0, 0
[ID ]: Instruction [00000013]@[0000113c]: addi	x0, x0, 0
[EX ]: Instruction [00000013]@[00000000]: addi	x0, x0, 0
[MEM ]: Instruction [00000013]@[00000000]: addi	x0, x0, 0
[WB ]: Instruction [00000013]@[00000000]: addi	x0, x0, 0
r 0=00000000 r 1=00000000 r 2=00000000 r 3=00000000 
r 4=00000000 r 5=00000000 r 6=00000000 r 7=00000000 
r 8=00000000 r 9=00000000 r10=00000000 r11=00000000 
r12=00000000 r13=00000000 r14=00000000 r15=00000000 
r16=00000000 r17=00000000 r18=00000000 r19=00000000 
r20=00000000 r21=00000000 r22=00000000 r23=00000000 
r24=00000000 r25=00000000 r26=00000000 r27=00000000 
r28=00000000 r29=00000000 r30=00000000 r31=00000000 

#Cycles            =    81
#Forwards (EX-EX)  =    24
#Forwards (EX-MEM) =    10
#Branches taken    =     7
#Stalls            =     0
#MEM   stalls      =     0
#Cache accesses    =     0
#Cache hits        =     0
#Cache misses      =     0
