v==============Cycle Counter =     0==============v

[IF ]: Instruction [00000013]@[00001000]: addi	x0, x0, 0
[ID ]: Instruction [00000000]@[00000000]: 
[EX ]: Instruction [00000000]@[00000000]: 
[MEM ]: Instruction [00000000]@[00000000]: 
[WB ]: Instruction [00000000]@[00000000]: 
r 0=00000000 r 1=00000000 r 2=000effff r 3=00003000 
r 4=00000000 r 5=00000000 r 6=00000000 r 7=00000000 
r 8=00000000 r 9=00000000 r10=00000000 r11=00000000 
r12=00000000 r13=00000000 r14=00000000 r15=00000000 
r16=00000000 r17=00000000 r18=00000000 r19=00000000 
r20=00000000 r21=00000000 r22=00000000 r23=00000000 
r24=00000000 r25=00000000 r26=00000000 r27=00000000 
r28=00000000 r29=00000000 r30=00000000 r31=00000000 

v==============Cycle Counter =     1==============v

[IF ]: Instruction [00000013]@[00001004]: addi	x0, x0, 0
[ID ]: Instruction [00000013]@[00001000]: addi	x0, x0, 0
[EX ]: Instruction [00000000]@[00000000]: 
[MEM ]: Instruction [00000000]@[00000000]: 
[WB ]: Instruction [00000000]@[00000000]: 
r 0=00000000 r 1=00000000 r 2=000effff r 3=00003000 
r 4=00000000 r 5=00000000 r 6=00000000 r 7=00000000 
r 8=00000000 r 9=00000000 r10=00000000 r11=00000000 
r12=00000000 r13=00000000 r14=00000000 r15=00000000 
r16=00000000 r17=00000000 r18=00000000 r19=00000000 
r20=00000000 r21=00000000 r22=00000000 r23=00000000 
r24=00000000 r25=00000000 r26=00000000 r27=00000000 
r28=00000000 r29=00000000 r30=00000000 r31=00000000 

v==============Cycle Counter =     2==============v

[IF ]: Instruction [00000013]@[00001008]: addi	x0, x0, 0
[ID ]: Instruction [00000013]@[00001004]: addi	x0, x0, 0
[EX ]: Instruction [00000013]@[00000000]: addi	x0, x0, 0
[MEM ]: Instruction [00000000]@[00000000]: 
[WB ]: Instruction [00000000]@[00000000]: 
r 0=00000000 r 1=00000000 r 2=000effff r 3=00003000 
r 4=00000000 r 5=00000000 r 6=00000000 r 7=00000000 
r 8=00000000 r 9=00000000 r10=00000000 r11=00000000 
r12=00000000 r13=00000000 r14=00000000 r15=00000000 
r16=00000000 r17=00000000 r18=00000000 r19=00000000 
r20=00000000 r21=00000000 r22=00000000 r23=00000000 
r24=00000000 r25=00000000 r26=00000000 r27=00000000 
r28=00000000 r29=00000000 r30=00000000 r31=00000000 

v==============Cycle Counter =     3==============v

[IF ]: Instruction [00000013]@[0000100c]: addi	x0, x0, 0
[ID ]: Instruction [00000013]@[00001008]: addi	x0, x0, 0
[EX ]: Instruction [00000013]@[00000000]: addi	x0, x0, 0
[MEM ]: Instruction [00000013]@[00000000]: addi	x0, x0, 0
[WB ]: Instruction [00000000]@[00000000]: 
r 0=00000000 r 1=00000000 r 2=000effff r 3=00003000 
r 4=00000000 r 5=00000000 r 6=00000000 r 7=00000000 
r 8=00000000 r 9=00000000 r10=00000000 r11=00000000 
r12=00000000 r13=00000000 r14=00000000 r15=00000000 
r16=00000000 r17=00000000 r18=00000000 r19=00000000 
r20=00000000 r21=00000000 r22=00000000 r23=00000000 
r24=00000000 r25=00000000 r26=00000000 r27=00000000 
r28=00000000 r29=00000000 r30=00000000 r31=00000000 

v==============Cycle Counter =     4==============v

[IF ]: Instruction [00000013]@[00001010]: addi	x0, x0, 0
[ID ]: Instruction [00000013]@[0000100c]: addi	x0, x0, 0
[EX ]: Instruction [00000013]@[00000000]: addi	x0, x0, 0
[MEM ]: Instruction [00000013]@[00000000]: addi	x0, x0, 0
[WB ]: Instruction [00000013]@[00000000]: addi	x0, x0, 0
r 0=00000000 r 1=00000000 r 2=000effff r 3=00003000 
r 4=00000000 r 5=00000000 r 6=00000000 r 7=00000000 
r 8=00000000 r 9=00000000 r10=00000000 r11=00000000 
r12=00000000 r13=00000000 r14=00000000 r15=00000000 
r16=00000000 r17=00000000 r18=00000000 r19=00000000 
r20=00000000 r21=00000000 r22=00000000 r23=00000000 
r24=00000000 r25=00000000 r26=00000000 r27=00000000 
r28=00000000 r29=00000000 r30=00000000 r31=00000000 


========
[MAIN]: Flushing pipeline
========
v==============Cycle Counter =     5==============v

[IF ]: Instruction [00000013]@[00001014]: addi	x0, x0, 0
[ID ]: Instruction [00000013]@[00001010]: addi	x0, x0, 0
[EX ]: Instruction [00000013]@[00000000]: addi	x0, x0, 0
[MEM ]: Instruction [00000013]@[00000000]: addi	x0, x0, 0
[WB ]: Instruction [00000013]@[00000000]: addi	x0, x0, 0
r 0=00000000 r 1=00000000 r 2=000effff r 3=00003000 
r 4=00000000 r 5=00000000 r 6=00000000 r 7=00000000 
r 8=00000000 r 9=00000000 r10=00000000 r11=00000000 
r12=00000000 r13=00000000 r14=00000000 r15=00000000 
r16=00000000 r17=00000000 r18=00000000 r19=00000000 
r20=00000000 r21=00000000 r22=00000000 r23=00000000 
r24=00000000 r25=00000000 r26=00000000 r27=00000000 
r28=00000000 r29=00000000 r30=00000000 r31=00000000 

v==============Cycle Counter =     6==============v

[IF ]: Instruction [00000013]@[00001018]: addi	x0, x0, 0
[ID ]: Instruction [00000013]@[00001014]: addi	x0, x0, 0
[EX ]: Instruction [00000013]@[00000000]: addi	x0, x0, 0
[MEM ]: Instruction [00000013]@[00000000]: addi	x0, x0, 0
[WB ]: Instruction [00000013]@[00000000]: addi	x0, x0, 0
r 0=00000000 r 1=00000000 r 2=000effff r 3=00003000 
r 4=00000000 r 5=00000000 r 6=00000000 r 7=00000000 
r 8=00000000 r 9=00000000 r10=00000000 r11=00000000 
r12=00000000 r13=00000000 r14=00000000 r15=00000000 
r16=00000000 r17=00000000 r18=00000000 r19=00000000 
r20=00000000 r21=00000000 r22=00000000 r23=00000000 
r24=00000000 r25=00000000 r26=00000000 r27=00000000 
r28=00000000 r29=00000000 r30=00000000 r31=00000000 

v==============Cycle Counter =     7==============v

[IF ]: Instruction [00000013]@[0000101c]: addi	x0, x0, 0
[ID ]: Instruction [00000013]@[00001018]: addi	x0, x0, 0
[EX ]: Instruction [00000013]@[00000000]: addi	x0, x0, 0
[MEM ]: Instruction [00000013]@[00000000]: addi	x0, x0, 0
[WB ]: Instruction [00000013]@[00000000]: addi	x0, x0, 0
r 0=00000000 r 1=00000000 r 2=000effff r 3=00003000 
r 4=00000000 r 5=00000000 r 6=00000000 r 7=00000000 
r 8=00000000 r 9=00000000 r10=00000000 r11=00000000 
r12=00000000 r13=00000000 r14=00000000 r15=00000000 
r16=00000000 r17=00000000 r18=00000000 r19=00000000 
r20=00000000 r21=00000000 r22=00000000 r23=00000000 
r24=00000000 r25=00000000 r26=00000000 r27=00000000 
r28=00000000 r29=00000000 r30=00000000 r31=00000000 

v==============Cycle Counter =     8==============v

[IF ]: Instruction [00000013]@[00001020]: addi	x0, x0, 0
[ID ]: Instruction [00000013]@[0000101c]: addi	x0, x0, 0
[EX ]: Instruction [00000013]@[00000000]: addi	x0, x0, 0
[MEM ]: Instruction [00000013]@[00000000]: addi	x0, x0, 0
[WB ]: Instruction [00000013]@[00000000]: addi	x0, x0, 0
r 0=00000000 r 1=00000000 r 2=000effff r 3=00003000 
r 4=00000000 r 5=00000000 r 6=00000000 r 7=00000000 
r 8=00000000 r 9=00000000 r10=00000000 r11=00000000 
r12=00000000 r13=00000000 r14=00000000 r15=00000000 
r16=00000000 r17=00000000 r18=00000000 r19=00000000 
r20=00000000 r21=00000000 r22=00000000 r23=00000000 
r24=00000000 r25=00000000 r26=00000000 r27=00000000 
r28=00000000 r29=00000000 r30=00000000 r31=00000000 

v==============Cycle Counter =     9==============v

[IF ]: Instruction [00000013]@[00001024]: addi	x0, x0, 0
[ID ]: Instruction [00000013]@[00001020]: addi	x0, x0, 0
[EX ]: Instruction [00000013]@[00000000]: addi	x0, x0, 0
[MEM ]: Instruction [00000013]@[00000000]: addi	x0, x0, 0
[WB ]: Instruction [00000013]@[00000000]: addi	x0, x0, 0
r 0=00000000 r 1=00000000 r 2=000effff r 3=00003000 
r 4=00000000 r 5=00000000 r 6=00000000 r 7=00000000 
r 8=00000000 r 9=00000000 r10=00000000 r11=00000000 
r12=00000000 r13=00000000 r14=00000000 r15=00000000 
r16=00000000 r17=00000000 r18=00000000 r19=00000000 
r20=00000000 r21=00000000 r22=00000000 r23=00000000 
r24=00000000 r25=00000000 r26=00000000 r27=00000000 
r28=00000000 r29=00000000 r30=00000000 r31=00000000 

#Cycles            =    10
#Forwards (EX-EX)  =     0
#Forwards (EX-MEM) =     0
#Branches taken    =     0
#Stalls            =     0
#MEM   stalls      =     0
#Cache accesses    =     0
#Cache hits        =     0
#Cache misses      =     0
